#
# There is insufficient memory for the Java Runtime Environment to continue.
# Native memory allocation (mmap) failed to map 65536 bytes for Failed to commit metaspace.
# Possible reasons:
#   The system is out of physical RAM or swap space
#   The process is running with CompressedOops enabled, and the Java Heap may be blocking the growth of the native heap
# Possible solutions:
#   Reduce memory load on the system
#   Increase physical memory or swap space
#   Check if swap backing store is full
#   Decrease Java heap size (-Xmx/-Xms)
#   Decrease number of Java threads
#   Decrease Java thread stack sizes (-Xss)
#   Set larger code cache with -XX:ReservedCodeCacheSize=
#   JVM is running with Unscaled Compressed Oops mode in which the Java heap is
#     placed in the first 4GB address space. The Java Heap base address is the
#     maximum limit for the native heap growth. Please use -XX:HeapBaseMinAddress
#     to set the Java Heap base and to place the Java Heap above 4GB virtual address.
# This output file may be truncated or incomplete.
#
#  Out of Memory Error (virtualSpaceNode.cpp:110), pid=6412, tid=10260
#
# JRE version: OpenJDK Runtime Environment (17.0.6) (build 17.0.6+0-b2043.56-10027231)
# Java VM: OpenJDK 64-Bit Server VM (17.0.6+0-b2043.56-10027231, mixed mode, tiered, compressed oops, compressed class ptrs, g1 gc, windows-amd64)
# No core dump will be written. Minidumps are not enabled by default on client versions of Windows
#

---------------  S U M M A R Y ------------

Command Line: org.jetbrains.kotlin.cli.jvm.K2JVMCompiler @E:\Projects\BizApp\app\build\20230825_11706501555851570240.compiler.options

Host: Intel(R) Core(TM) i7-8700 CPU @ 3.20GHz, 12 cores, 7G,  Windows 10 , 64 bit Build 17763 (10.0.17763.1)
Time: Fri Aug 25 03:01:32 2023 Arabic Standard Time elapsed time: 0.101755 seconds (0d 0h 0m 0s)

---------------  T H R E A D  ---------------

Current thread (0x0000021d6652d440):  JavaThread "main" [_thread_in_vm, id=10260, stack(0x000000fc22000000,0x000000fc22100000)]

Stack: [0x000000fc22000000,0x000000fc22100000]
Native frames: (J=compiled Java code, j=interpreted, Vv=VM code, C=native code)
V  [jvm.dll+0x683c9a]
V  [jvm.dll+0x8427a4]
V  [jvm.dll+0x843f9e]
V  [jvm.dll+0x844603]
V  [jvm.dll+0x249b75]
V  [jvm.dll+0x83e7fb]
V  [jvm.dll+0x628006]
V  [jvm.dll+0x62806a]
V  [jvm.dll+0x62a87a]
V  [jvm.dll+0x6289a6]
V  [jvm.dll+0x6327d7]
V  [jvm.dll+0x1eda2b]
V  [jvm.dll+0x1edf65]
V  [jvm.dll+0x1ee884]
V  [jvm.dll+0x1e3dcc]
V  [jvm.dll+0x547fed]
V  [jvm.dll+0x1f46eb]
V  [jvm.dll+0x7bc7cb]
V  [jvm.dll+0x7bdc12]
V  [jvm.dll+0x7bdf48]
V  [jvm.dll+0x24190e]
V  [jvm.dll+0x38437e]
C  0x0000021d70f3b5bb

Java frames: (J=compiled Java code, j=interpreted, Vv=VM code)
j  java.util.jar.Attributes.<init>(I)V+5 java.base@17.0.6
j  java.util.jar.Attributes.<init>()V+3 java.base@17.0.6
j  java.util.jar.Manifest.<init>(Ljava/util/jar/JarVerifier;Ljava/io/InputStream;Ljava/lang/String;)V+9 java.base@17.0.6
j  java.util.jar.Manifest.<init>(Ljava/io/InputStream;Ljava/lang/String;)V+4 java.base@17.0.6
j  java.util.jar.JarFile.getManifestFromReference()Ljava/util/jar/Manifest;+143 java.base@17.0.6
j  java.util.jar.JarFile.getManifest()Ljava/util/jar/Manifest;+1 java.base@17.0.6
j  jdk.internal.loader.URLClassPath$JarLoader$2.getManifest()Ljava/util/jar/Manifest;+22 java.base@17.0.6
j  jdk.internal.loader.BuiltinClassLoader.defineClass(Ljava/lang/String;Ljdk/internal/loader/Resource;)Ljava/lang/Class;+29 java.base@17.0.6
j  jdk.internal.loader.BuiltinClassLoader.findClassOnClassPathOrNull(Ljava/lang/String;)Ljava/lang/Class;+37 java.base@17.0.6
j  jdk.internal.loader.BuiltinClassLoader.loadClassOrNull(Ljava/lang/String;Z)Ljava/lang/Class;+111 java.base@17.0.6
j  jdk.internal.loader.BuiltinClassLoader.loadClass(Ljava/lang/String;Z)Ljava/lang/Class;+3 java.base@17.0.6
j  jdk.internal.loader.ClassLoaders$AppClassLoader.loadClass(Ljava/lang/String;Z)Ljava/lang/Class;+36 java.base@17.0.6
j  java.lang.ClassLoader.loadClass(Ljava/lang/String;)Ljava/lang/Class;+3 java.base@17.0.6
v  ~StubRoutines::call_stub
j  java.lang.Class.forName0(Ljava/lang/String;ZLjava/lang/ClassLoader;Ljava/lang/Class;)Ljava/lang/Class;+0 java.base@17.0.6
j  java.lang.Class.forName(Ljava/lang/String;ZLjava/lang/ClassLoader;)Ljava/lang/Class;+43 java.base@17.0.6
j  sun.launcher.LauncherHelper.loadMainClass(ILjava/lang/String;)Ljava/lang/Class;+95 java.base@17.0.6
j  sun.launcher.LauncherHelper.checkAndLoadMain(ZILjava/lang/String;)Ljava/lang/Class;+42 java.base@17.0.6
v  ~StubRoutines::call_stub

---------------  P R O C E S S  ---------------

Threads class SMR info:
_java_thread_list=0x0000021d011b6cd0, length=13, elements={
0x0000021d6652d440, 0x0000021d006441f0, 0x0000021d00645060, 0x0000021d010497e0,
0x0000021d0104c0b0, 0x0000021d0104ca60, 0x0000021d0104d410, 0x0000021d0104e0f0,
0x0000021d01050ba0, 0x0000021d01051590, 0x0000021d011b9170, 0x0000021d011bbc60,
0x0000021d01224110
}

Java Threads: ( => current thread )
=>0x0000021d6652d440 JavaThread "main" [_thread_in_vm, id=10260, stack(0x000000fc22000000,0x000000fc22100000)]
  0x0000021d006441f0 JavaThread "Reference Handler" daemon [_thread_blocked, id=4712, stack(0x000000fc22700000,0x000000fc22800000)]
  0x0000021d00645060 JavaThread "Finalizer" daemon [_thread_blocked, id=9068, stack(0x000000fc22800000,0x000000fc22900000)]
  0x0000021d010497e0 JavaThread "Signal Dispatcher" daemon [_thread_blocked, id=6736, stack(0x000000fc22900000,0x000000fc22a00000)]
  0x0000021d0104c0b0 JavaThread "Attach Listener" daemon [_thread_blocked, id=7408, stack(0x000000fc22a00000,0x000000fc22b00000)]
  0x0000021d0104ca60 JavaThread "Service Thread" daemon [_thread_blocked, id=6712, stack(0x000000fc22b00000,0x000000fc22c00000)]
  0x0000021d0104d410 JavaThread "Monitor Deflation Thread" daemon [_thread_blocked, id=1520, stack(0x000000fc22c00000,0x000000fc22d00000)]
  0x0000021d0104e0f0 JavaThread "C2 CompilerThread0" daemon [_thread_blocked, id=2652, stack(0x000000fc22d00000,0x000000fc22e00000)]
  0x0000021d01050ba0 JavaThread "C1 CompilerThread0" daemon [_thread_blocked, id=5208, stack(0x000000fc22e00000,0x000000fc22f00000)]
  0x0000021d01051590 JavaThread "Sweeper thread" daemon [_thread_blocked, id=1336, stack(0x000000fc22f00000,0x000000fc23000000)]
  0x0000021d011b9170 JavaThread "Notification Thread" daemon [_thread_blocked, id=9760, stack(0x000000fc23000000,0x000000fc23100000)]
  0x0000021d011bbc60 JavaThread "Common-Cleaner" daemon [_thread_blocked, id=6632, stack(0x000000fc23200000,0x000000fc23300000)]
  0x0000021d01224110 JavaThread "C2 CompilerThread1" daemon [_thread_blocked, id=1440, stack(0x000000fc23300000,0x000000fc23400000)]

Other Threads:
  0x0000021d006404d0 VMThread "VM Thread" [stack: 0x000000fc22600000,0x000000fc22700000] [id=7012]
  0x0000021d665aebd0 WatcherThread [stack: 0x000000fc23100000,0x000000fc23200000] [id=12564]
  0x0000021d66588ca0 GCTaskThread "GC Thread#0" [stack: 0x000000fc22100000,0x000000fc22200000] [id=10644]
  0x0000021d665995a0 ConcurrentGCThread "G1 Main Marker" [stack: 0x000000fc22200000,0x000000fc22300000] [id=796]
  0x0000021d6659ab70 ConcurrentGCThread "G1 Conc#0" [stack: 0x000000fc22300000,0x000000fc22400000] [id=10936]
  0x0000021d004924d0 ConcurrentGCThread "G1 Refine#0" [stack: 0x000000fc22400000,0x000000fc22500000] [id=11008]
  0x0000021d00492ef0 ConcurrentGCThread "G1 Service" [stack: 0x000000fc22500000,0x000000fc22600000] [id=12860]

Threads with active compile tasks:

VM state: not at safepoint (normal execution)

VM Mutex/Monitor currently owned by a thread:  ([mutex/lock_event])
[0x0000021d66528010] Metaspace_lock - owner thread: 0x0000021d6652d440

Heap address: 0x0000000083200000, size: 1998 MB, Compressed Oops mode: 32-bit

CDS archive(s) not mapped
Compressed class space mapped at: 0x0000000100000000-0x0000000140000000, reserved size: 1073741824
Narrow klass base: 0x0000000000000000, Narrow klass shift: 3, Narrow klass range: 0x140000000

GC Precious Log:
 CPUs: 12 total, 12 available
 Memory: 7988M
 Large Page Support: Disabled
 NUMA Support: Disabled
 Compressed Oops: Enabled (32-bit)
 Heap Region Size: 1M
 Heap Min Capacity: 8M
 Heap Initial Capacity: 126M
 Heap Max Capacity: 1998M
 Pre-touch: Disabled
 Parallel Workers: 10
 Concurrent Workers: 3
 Concurrent Refinement Workers: 10
 Periodic GC: Disabled

Heap:
 garbage-first heap   total 129024K, used 5120K [0x0000000083200000, 0x0000000100000000)
  region size 1024K, 2 young (2048K), 0 survivors (0K)
 Metaspace       used 4615K, committed 4672K, reserved 1056768K
  class space    used 391K, committed 448K, reserved 1048576K

Heap Regions: E=young(eden), S=young(survivor), O=old, HS=humongous(starts), HC=humongous(continues), CS=collection set, F=free, OA=open archive, CA=closed archive, TAMS=top-at-mark-start (previous, next)
|   0|0x0000000083200000, 0x0000000083300000, 0x0000000083300000|100%|HS|  |TAMS 0x0000000083200000, 0x0000000083200000| Complete 
|   1|0x0000000083300000, 0x0000000083400000, 0x0000000083400000|100%|HC|  |TAMS 0x0000000083300000, 0x0000000083300000| Complete 
|   2|0x0000000083400000, 0x0000000083500000, 0x0000000083500000|100%|HC|  |TAMS 0x0000000083400000, 0x0000000083400000| Complete 
|   3|0x0000000083500000, 0x0000000083600000, 0x0000000083600000|100%|HC|  |TAMS 0x0000000083500000, 0x0000000083500000| Complete 
|   4|0x0000000083600000, 0x0000000083600000, 0x0000000083700000|  0%| F|  |TAMS 0x0000000083600000, 0x0000000083600000| Untracked 
|   5|0x0000000083700000, 0x0000000083700000, 0x0000000083800000|  0%| F|  |TAMS 0x0000000083700000, 0x0000000083700000| Untracked 
|   6|0x0000000083800000, 0x0000000083800000, 0x0000000083900000|  0%| F|  |TAMS 0x0000000083800000, 0x0000000083800000| Untracked 
|   7|0x0000000083900000, 0x0000000083900000, 0x0000000083a00000|  0%| F|  |TAMS 0x0000000083900000, 0x0000000083900000| Untracked 
|   8|0x0000000083a00000, 0x0000000083a00000, 0x0000000083b00000|  0%| F|  |TAMS 0x0000000083a00000, 0x0000000083a00000| Untracked 
|   9|0x0000000083b00000, 0x0000000083b00000, 0x0000000083c00000|  0%| F|  |TAMS 0x0000000083b00000, 0x0000000083b00000| Untracked 
|  10|0x0000000083c00000, 0x0000000083c00000, 0x0000000083d00000|  0%| F|  |TAMS 0x0000000083c00000, 0x0000000083c00000| Untracked 
|  11|0x0000000083d00000, 0x0000000083d00000, 0x0000000083e00000|  0%| F|  |TAMS 0x0000000083d00000, 0x0000000083d00000| Untracked 
|  12|0x0000000083e00000, 0x0000000083e00000, 0x0000000083f00000|  0%| F|  |TAMS 0x0000000083e00000, 0x0000000083e00000| Untracked 
|  13|0x0000000083f00000, 0x0000000083f00000, 0x0000000084000000|  0%| F|  |TAMS 0x0000000083f00000, 0x0000000083f00000| Untracked 
|  14|0x0000000084000000, 0x0000000084000000, 0x0000000084100000|  0%| F|  |TAMS 0x0000000084000000, 0x0000000084000000| Untracked 
|  15|0x0000000084100000, 0x0000000084100000, 0x0000000084200000|  0%| F|  |TAMS 0x0000000084100000, 0x0000000084100000| Untracked 
|  16|0x0000000084200000, 0x0000000084200000, 0x0000000084300000|  0%| F|  |TAMS 0x0000000084200000, 0x0000000084200000| Untracked 
|  17|0x0000000084300000, 0x0000000084300000, 0x0000000084400000|  0%| F|  |TAMS 0x0000000084300000, 0x0000000084300000| Untracked 
|  18|0x0000000084400000, 0x0000000084400000, 0x0000000084500000|  0%| F|  |TAMS 0x0000000084400000, 0x0000000084400000| Untracked 
|  19|0x0000000084500000, 0x0000000084500000, 0x0000000084600000|  0%| F|  |TAMS 0x0000000084500000, 0x0000000084500000| Untracked 
|  20|0x0000000084600000, 0x0000000084600000, 0x0000000084700000|  0%| F|  |TAMS 0x0000000084600000, 0x0000000084600000| Untracked 
|  21|0x0000000084700000, 0x0000000084700000, 0x0000000084800000|  0%| F|  |TAMS 0x0000000084700000, 0x0000000084700000| Untracked 
|  22|0x0000000084800000, 0x0000000084800000, 0x0000000084900000|  0%| F|  |TAMS 0x0000000084800000, 0x0000000084800000| Untracked 
|  23|0x0000000084900000, 0x0000000084900000, 0x0000000084a00000|  0%| F|  |TAMS 0x0000000084900000, 0x0000000084900000| Untracked 
|  24|0x0000000084a00000, 0x0000000084a00000, 0x0000000084b00000|  0%| F|  |TAMS 0x0000000084a00000, 0x0000000084a00000| Untracked 
|  25|0x0000000084b00000, 0x0000000084b00000, 0x0000000084c00000|  0%| F|  |TAMS 0x0000000084b00000, 0x0000000084b00000| Untracked 
|  26|0x0000000084c00000, 0x0000000084c00000, 0x0000000084d00000|  0%| F|  |TAMS 0x0000000084c00000, 0x0000000084c00000| Untracked 
|  27|0x0000000084d00000, 0x0000000084d00000, 0x0000000084e00000|  0%| F|  |TAMS 0x0000000084d00000, 0x0000000084d00000| Untracked 
|  28|0x0000000084e00000, 0x0000000084e00000, 0x0000000084f00000|  0%| F|  |TAMS 0x0000000084e00000, 0x0000000084e00000| Untracked 
|  29|0x0000000084f00000, 0x0000000084f00000, 0x0000000085000000|  0%| F|  |TAMS 0x0000000084f00000, 0x0000000084f00000| Untracked 
|  30|0x0000000085000000, 0x0000000085000000, 0x0000000085100000|  0%| F|  |TAMS 0x0000000085000000, 0x0000000085000000| Untracked 
|  31|0x0000000085100000, 0x0000000085100000, 0x0000000085200000|  0%| F|  |TAMS 0x0000000085100000, 0x0000000085100000| Untracked 
|  32|0x0000000085200000, 0x0000000085200000, 0x0000000085300000|  0%| F|  |TAMS 0x0000000085200000, 0x0000000085200000| Untracked 
|  33|0x0000000085300000, 0x0000000085300000, 0x0000000085400000|  0%| F|  |TAMS 0x0000000085300000, 0x0000000085300000| Untracked 
|  34|0x0000000085400000, 0x0000000085400000, 0x0000000085500000|  0%| F|  |TAMS 0x0000000085400000, 0x0000000085400000| Untracked 
|  35|0x0000000085500000, 0x0000000085500000, 0x0000000085600000|  0%| F|  |TAMS 0x0000000085500000, 0x0000000085500000| Untracked 
|  36|0x0000000085600000, 0x0000000085600000, 0x0000000085700000|  0%| F|  |TAMS 0x0000000085600000, 0x0000000085600000| Untracked 
|  37|0x0000000085700000, 0x0000000085700000, 0x0000000085800000|  0%| F|  |TAMS 0x0000000085700000, 0x0000000085700000| Untracked 
|  38|0x0000000085800000, 0x0000000085800000, 0x0000000085900000|  0%| F|  |TAMS 0x0000000085800000, 0x0000000085800000| Untracked 
|  39|0x0000000085900000, 0x0000000085900000, 0x0000000085a00000|  0%| F|  |TAMS 0x0000000085900000, 0x0000000085900000| Untracked 
|  40|0x0000000085a00000, 0x0000000085a00000, 0x0000000085b00000|  0%| F|  |TAMS 0x0000000085a00000, 0x0000000085a00000| Untracked 
|  41|0x0000000085b00000, 0x0000000085b00000, 0x0000000085c00000|  0%| F|  |TAMS 0x0000000085b00000, 0x0000000085b00000| Untracked 
|  42|0x0000000085c00000, 0x0000000085c00000, 0x0000000085d00000|  0%| F|  |TAMS 0x0000000085c00000, 0x0000000085c00000| Untracked 
|  43|0x0000000085d00000, 0x0000000085d00000, 0x0000000085e00000|  0%| F|  |TAMS 0x0000000085d00000, 0x0000000085d00000| Untracked 
|  44|0x0000000085e00000, 0x0000000085e00000, 0x0000000085f00000|  0%| F|  |TAMS 0x0000000085e00000, 0x0000000085e00000| Untracked 
|  45|0x0000000085f00000, 0x0000000085f00000, 0x0000000086000000|  0%| F|  |TAMS 0x0000000085f00000, 0x0000000085f00000| Untracked 
|  46|0x0000000086000000, 0x0000000086000000, 0x0000000086100000|  0%| F|  |TAMS 0x0000000086000000, 0x0000000086000000| Untracked 
|  47|0x0000000086100000, 0x0000000086100000, 0x0000000086200000|  0%| F|  |TAMS 0x0000000086100000, 0x0000000086100000| Untracked 
|  48|0x0000000086200000, 0x0000000086200000, 0x0000000086300000|  0%| F|  |TAMS 0x0000000086200000, 0x0000000086200000| Untracked 
|  49|0x0000000086300000, 0x0000000086300000, 0x0000000086400000|  0%| F|  |TAMS 0x0000000086300000, 0x0000000086300000| Untracked 
|  50|0x0000000086400000, 0x0000000086400000, 0x0000000086500000|  0%| F|  |TAMS 0x0000000086400000, 0x0000000086400000| Untracked 
|  51|0x0000000086500000, 0x0000000086500000, 0x0000000086600000|  0%| F|  |TAMS 0x0000000086500000, 0x0000000086500000| Untracked 
|  52|0x0000000086600000, 0x0000000086600000, 0x0000000086700000|  0%| F|  |TAMS 0x0000000086600000, 0x0000000086600000| Untracked 
|  53|0x0000000086700000, 0x0000000086700000, 0x0000000086800000|  0%| F|  |TAMS 0x0000000086700000, 0x0000000086700000| Untracked 
|  54|0x0000000086800000, 0x0000000086800000, 0x0000000086900000|  0%| F|  |TAMS 0x0000000086800000, 0x0000000086800000| Untracked 
|  55|0x0000000086900000, 0x0000000086900000, 0x0000000086a00000|  0%| F|  |TAMS 0x0000000086900000, 0x0000000086900000| Untracked 
|  56|0x0000000086a00000, 0x0000000086a00000, 0x0000000086b00000|  0%| F|  |TAMS 0x0000000086a00000, 0x0000000086a00000| Untracked 
|  57|0x0000000086b00000, 0x0000000086b00000, 0x0000000086c00000|  0%| F|  |TAMS 0x0000000086b00000, 0x0000000086b00000| Untracked 
|  58|0x0000000086c00000, 0x0000000086c00000, 0x0000000086d00000|  0%| F|  |TAMS 0x0000000086c00000, 0x0000000086c00000| Untracked 
|  59|0x0000000086d00000, 0x0000000086d00000, 0x0000000086e00000|  0%| F|  |TAMS 0x0000000086d00000, 0x0000000086d00000| Untracked 
|  60|0x0000000086e00000, 0x0000000086e00000, 0x0000000086f00000|  0%| F|  |TAMS 0x0000000086e00000, 0x0000000086e00000| Untracked 
|  61|0x0000000086f00000, 0x0000000086f00000, 0x0000000087000000|  0%| F|  |TAMS 0x0000000086f00000, 0x0000000086f00000| Untracked 
|  62|0x0000000087000000, 0x0000000087000000, 0x0000000087100000|  0%| F|  |TAMS 0x0000000087000000, 0x0000000087000000| Untracked 
|  63|0x0000000087100000, 0x0000000087100000, 0x0000000087200000|  0%| F|  |TAMS 0x0000000087100000, 0x0000000087100000| Untracked 
|  64|0x0000000087200000, 0x0000000087200000, 0x0000000087300000|  0%| F|  |TAMS 0x0000000087200000, 0x0000000087200000| Untracked 
|  65|0x0000000087300000, 0x0000000087300000, 0x0000000087400000|  0%| F|  |TAMS 0x0000000087300000, 0x0000000087300000| Untracked 
|  66|0x0000000087400000, 0x0000000087400000, 0x0000000087500000|  0%| F|  |TAMS 0x0000000087400000, 0x0000000087400000| Untracked 
|  67|0x0000000087500000, 0x0000000087500000, 0x0000000087600000|  0%| F|  |TAMS 0x0000000087500000, 0x0000000087500000| Untracked 
|  68|0x0000000087600000, 0x0000000087600000, 0x0000000087700000|  0%| F|  |TAMS 0x0000000087600000, 0x0000000087600000| Untracked 
|  69|0x0000000087700000, 0x0000000087700000, 0x0000000087800000|  0%| F|  |TAMS 0x0000000087700000, 0x0000000087700000| Untracked 
|  70|0x0000000087800000, 0x0000000087800000, 0x0000000087900000|  0%| F|  |TAMS 0x0000000087800000, 0x0000000087800000| Untracked 
|  71|0x0000000087900000, 0x0000000087900000, 0x0000000087a00000|  0%| F|  |TAMS 0x0000000087900000, 0x0000000087900000| Untracked 
|  72|0x0000000087a00000, 0x0000000087a00000, 0x0000000087b00000|  0%| F|  |TAMS 0x0000000087a00000, 0x0000000087a00000| Untracked 
|  73|0x0000000087b00000, 0x0000000087b00000, 0x0000000087c00000|  0%| F|  |TAMS 0x0000000087b00000, 0x0000000087b00000| Untracked 
|  74|0x0000000087c00000, 0x0000000087c00000, 0x0000000087d00000|  0%| F|  |TAMS 0x0000000087c00000, 0x0000000087c00000| Untracked 
|  75|0x0000000087d00000, 0x0000000087d00000, 0x0000000087e00000|  0%| F|  |TAMS 0x0000000087d00000, 0x0000000087d00000| Untracked 
|  76|0x0000000087e00000, 0x0000000087e00000, 0x0000000087f00000|  0%| F|  |TAMS 0x0000000087e00000, 0x0000000087e00000| Untracked 
|  77|0x0000000087f00000, 0x0000000087f00000, 0x0000000088000000|  0%| F|  |TAMS 0x0000000087f00000, 0x0000000087f00000| Untracked 
|  78|0x0000000088000000, 0x0000000088000000, 0x0000000088100000|  0%| F|  |TAMS 0x0000000088000000, 0x0000000088000000| Untracked 
|  79|0x0000000088100000, 0x0000000088100000, 0x0000000088200000|  0%| F|  |TAMS 0x0000000088100000, 0x0000000088100000| Untracked 
|  80|0x0000000088200000, 0x0000000088200000, 0x0000000088300000|  0%| F|  |TAMS 0x0000000088200000, 0x0000000088200000| Untracked 
|  81|0x0000000088300000, 0x0000000088300000, 0x0000000088400000|  0%| F|  |TAMS 0x0000000088300000, 0x0000000088300000| Untracked 
|  82|0x0000000088400000, 0x0000000088400000, 0x0000000088500000|  0%| F|  |TAMS 0x0000000088400000, 0x0000000088400000| Untracked 
|  83|0x0000000088500000, 0x0000000088500000, 0x0000000088600000|  0%| F|  |TAMS 0x0000000088500000, 0x0000000088500000| Untracked 
|  84|0x0000000088600000, 0x0000000088600000, 0x0000000088700000|  0%| F|  |TAMS 0x0000000088600000, 0x0000000088600000| Untracked 
|  85|0x0000000088700000, 0x0000000088700000, 0x0000000088800000|  0%| F|  |TAMS 0x0000000088700000, 0x0000000088700000| Untracked 
|  86|0x0000000088800000, 0x0000000088800000, 0x0000000088900000|  0%| F|  |TAMS 0x0000000088800000, 0x0000000088800000| Untracked 
|  87|0x0000000088900000, 0x0000000088900000, 0x0000000088a00000|  0%| F|  |TAMS 0x0000000088900000, 0x0000000088900000| Untracked 
|  88|0x0000000088a00000, 0x0000000088a00000, 0x0000000088b00000|  0%| F|  |TAMS 0x0000000088a00000, 0x0000000088a00000| Untracked 
|  89|0x0000000088b00000, 0x0000000088b00000, 0x0000000088c00000|  0%| F|  |TAMS 0x0000000088b00000, 0x0000000088b00000| Untracked 
|  90|0x0000000088c00000, 0x0000000088c00000, 0x0000000088d00000|  0%| F|  |TAMS 0x0000000088c00000, 0x0000000088c00000| Untracked 
|  91|0x0000000088d00000, 0x0000000088d00000, 0x0000000088e00000|  0%| F|  |TAMS 0x0000000088d00000, 0x0000000088d00000| Untracked 
|  92|0x0000000088e00000, 0x0000000088e00000, 0x0000000088f00000|  0%| F|  |TAMS 0x0000000088e00000, 0x0000000088e00000| Untracked 
|  93|0x0000000088f00000, 0x0000000088f00000, 0x0000000089000000|  0%| F|  |TAMS 0x0000000088f00000, 0x0000000088f00000| Untracked 
|  94|0x0000000089000000, 0x0000000089000000, 0x0000000089100000|  0%| F|  |TAMS 0x0000000089000000, 0x0000000089000000| Untracked 
|  95|0x0000000089100000, 0x0000000089100000, 0x0000000089200000|  0%| F|  |TAMS 0x0000000089100000, 0x0000000089100000| Untracked 
|  96|0x0000000089200000, 0x0000000089200000, 0x0000000089300000|  0%| F|  |TAMS 0x0000000089200000, 0x0000000089200000| Untracked 
|  97|0x0000000089300000, 0x0000000089300000, 0x0000000089400000|  0%| F|  |TAMS 0x0000000089300000, 0x0000000089300000| Untracked 
|  98|0x0000000089400000, 0x0000000089400000, 0x0000000089500000|  0%| F|  |TAMS 0x0000000089400000, 0x0000000089400000| Untracked 
|  99|0x0000000089500000, 0x0000000089500000, 0x0000000089600000|  0%| F|  |TAMS 0x0000000089500000, 0x0000000089500000| Untracked 
| 100|0x0000000089600000, 0x0000000089600000, 0x0000000089700000|  0%| F|  |TAMS 0x0000000089600000, 0x0000000089600000| Untracked 
| 101|0x0000000089700000, 0x0000000089700000, 0x0000000089800000|  0%| F|  |TAMS 0x0000000089700000, 0x0000000089700000| Untracked 
| 102|0x0000000089800000, 0x0000000089800000, 0x0000000089900000|  0%| F|  |TAMS 0x0000000089800000, 0x0000000089800000| Untracked 
| 103|0x0000000089900000, 0x0000000089900000, 0x0000000089a00000|  0%| F|  |TAMS 0x0000000089900000, 0x0000000089900000| Untracked 
| 104|0x0000000089a00000, 0x0000000089a00000, 0x0000000089b00000|  0%| F|  |TAMS 0x0000000089a00000, 0x0000000089a00000| Untracked 
| 105|0x0000000089b00000, 0x0000000089b00000, 0x0000000089c00000|  0%| F|  |TAMS 0x0000000089b00000, 0x0000000089b00000| Untracked 
| 106|0x0000000089c00000, 0x0000000089c00000, 0x0000000089d00000|  0%| F|  |TAMS 0x0000000089c00000, 0x0000000089c00000| Untracked 
| 107|0x0000000089d00000, 0x0000000089d00000, 0x0000000089e00000|  0%| F|  |TAMS 0x0000000089d00000, 0x0000000089d00000| Untracked 
| 108|0x0000000089e00000, 0x0000000089e00000, 0x0000000089f00000|  0%| F|  |TAMS 0x0000000089e00000, 0x0000000089e00000| Untracked 
| 109|0x0000000089f00000, 0x0000000089f00000, 0x000000008a000000|  0%| F|  |TAMS 0x0000000089f00000, 0x0000000089f00000| Untracked 
| 110|0x000000008a000000, 0x000000008a000000, 0x000000008a100000|  0%| F|  |TAMS 0x000000008a000000, 0x000000008a000000| Untracked 
| 111|0x000000008a100000, 0x000000008a100000, 0x000000008a200000|  0%| F|  |TAMS 0x000000008a100000, 0x000000008a100000| Untracked 
| 112|0x000000008a200000, 0x000000008a200000, 0x000000008a300000|  0%| F|  |TAMS 0x000000008a200000, 0x000000008a200000| Untracked 
| 113|0x000000008a300000, 0x000000008a300000, 0x000000008a400000|  0%| F|  |TAMS 0x000000008a300000, 0x000000008a300000| Untracked 
| 114|0x000000008a400000, 0x000000008a400000, 0x000000008a500000|  0%| F|  |TAMS 0x000000008a400000, 0x000000008a400000| Untracked 
| 115|0x000000008a500000, 0x000000008a500000, 0x000000008a600000|  0%| F|  |TAMS 0x000000008a500000, 0x000000008a500000| Untracked 
| 116|0x000000008a600000, 0x000000008a600000, 0x000000008a700000|  0%| F|  |TAMS 0x000000008a600000, 0x000000008a600000| Untracked 
| 117|0x000000008a700000, 0x000000008a700000, 0x000000008a800000|  0%| F|  |TAMS 0x000000008a700000, 0x000000008a700000| Untracked 
| 118|0x000000008a800000, 0x000000008a800000, 0x000000008a900000|  0%| F|  |TAMS 0x000000008a800000, 0x000000008a800000| Untracked 
| 119|0x000000008a900000, 0x000000008a900000, 0x000000008aa00000|  0%| F|  |TAMS 0x000000008a900000, 0x000000008a900000| Untracked 
| 120|0x000000008aa00000, 0x000000008aa00000, 0x000000008ab00000|  0%| F|  |TAMS 0x000000008aa00000, 0x000000008aa00000| Untracked 
| 121|0x000000008ab00000, 0x000000008ab00000, 0x000000008ac00000|  0%| F|  |TAMS 0x000000008ab00000, 0x000000008ab00000| Untracked 
| 122|0x000000008ac00000, 0x000000008ac00000, 0x000000008ad00000|  0%| F|  |TAMS 0x000000008ac00000, 0x000000008ac00000| Untracked 
| 123|0x000000008ad00000, 0x000000008ad00000, 0x000000008ae00000|  0%| F|  |TAMS 0x000000008ad00000, 0x000000008ad00000| Untracked 
| 124|0x000000008ae00000, 0x000000008aeec0c0, 0x000000008af00000| 92%| E|  |TAMS 0x000000008ae00000, 0x000000008ae00000| Complete 
| 125|0x000000008af00000, 0x000000008b000000, 0x000000008b000000|100%| E|CS|TAMS 0x000000008af00000, 0x000000008af00000| Complete 

Card table byte_map: [0x0000021d79330000,0x0000021d79720000] _byte_map_base: 0x0000021d78f17000

Marking Bits (Prev, Next): (CMBitMap*) 0x0000021d665892b0, (CMBitMap*) 0x0000021d665892f0
 Prev Bits: [0x0000021d79b10000, 0x0000021d7ba48000)
 Next Bits: [0x0000021d7ba50000, 0x0000021d7d988000)

Polling page: 0x0000021d641c0000

Metaspace:

Usage:
  Non-class:      4.12 MB used.
      Class:    391.08 KB used.
       Both:      4.51 MB used.

Virtual space:
  Non-class space:        8.00 MB reserved,       4.13 MB ( 52%) committed,  1 nodes.
      Class space:        1.00 GB reserved,     448.00 KB ( <1%) committed,  1 nodes.
             Both:        1.01 GB reserved,       4.56 MB ( <1%) committed. 

Chunk freelists:
   Non-Class:  3.00 MB
       Class:  3.56 MB
        Both:  6.56 MB

MaxMetaspaceSize: unlimited
CompressedClassSpaceSize: 1.00 GB
Initial GC threshold: 21.00 MB
Current GC threshold: 21.00 MB
CDS: off
MetaspaceReclaimPolicy: balanced
 - commit_granule_bytes: 65536.
 - commit_granule_words: 8192.
 - virtual_space_node_default_size: 1048576.
 - enlarge_chunks_in_place: 1.
 - new_chunks_are_fully_committed: 0.
 - uncommit_free_chunks: 1.
 - use_allocation_guard: 0.
 - handle_deallocations: 1.


Internal statistics:

num_allocs_failed_limit: 0.
num_arena_births: 2.
num_arena_deaths: 0.
num_vsnodes_births: 2.
num_vsnodes_deaths: 0.
num_space_committed: 73.
num_space_uncommitted: 0.
num_chunks_returned_to_freelist: 0.
num_chunks_taken_from_freelist: 6.
num_chunk_merges: 0.
num_chunk_splits: 2.
num_chunks_enlarged: 0.
num_purges: 0.
num_inconsistent_stats: 0.

CodeHeap 'non-profiled nmethods': size=120000Kb used=23Kb max_used=23Kb free=119977Kb
 bounds [0x0000021d714c0000, 0x0000021d71730000, 0x0000021d789f0000]
CodeHeap 'profiled nmethods': size=120000Kb used=106Kb max_used=106Kb free=119893Kb
 bounds [0x0000021d699f0000, 0x0000021d69c60000, 0x0000021d70f20000]
CodeHeap 'non-nmethods': size=5760Kb used=1053Kb max_used=1066Kb free=4706Kb
 bounds [0x0000021d70f20000, 0x0000021d71190000, 0x0000021d714c0000]
 total_blobs=397 nmethods=84 adapters=226
 compilation: enabled
              stopped_count=0, restarted_count=0
 full_count=0

Compilation events (20 events):
Event: 0.076 Thread 0x0000021d01050ba0 nmethod 78 0x0000021d69a08b90 code [0x0000021d69a08d20, 0x0000021d69a08ed8]
Event: 0.076 Thread 0x0000021d01050ba0   74       3       java.util.zip.ZipFile$Source::zipCoderForPos (39 bytes)
Event: 0.076 Thread 0x0000021d01050ba0 nmethod 74 0x0000021d69a09010 code [0x0000021d69a091e0, 0x0000021d69a095c8]
Event: 0.076 Thread 0x0000021d01050ba0   75       3       java.util.zip.ZipFile$Source::isMetaName (141 bytes)
Event: 0.077 Thread 0x0000021d01050ba0 nmethod 75 0x0000021d69a09790 code [0x0000021d69a09940, 0x0000021d69a09e58]
Event: 0.077 Thread 0x0000021d01050ba0   76       3       java.util.zip.ZipFile$Source::nextEntryPos (22 bytes)
Event: 0.077 Thread 0x0000021d01050ba0 nmethod 76 0x0000021d69a0a010 code [0x0000021d69a0a1c0, 0x0000021d69a0a4f8]
Event: 0.077 Thread 0x0000021d01050ba0   77       3       java.util.zip.ZipUtils::CENCOM (9 bytes)
Event: 0.077 Thread 0x0000021d01050ba0 nmethod 77 0x0000021d69a0a690 code [0x0000021d69a0a820, 0x0000021d69a0a9d8]
Event: 0.079 Thread 0x0000021d0104e0f0 nmethod 79% 0x0000021d714c3190 code [0x0000021d714c3320, 0x0000021d714c36b8]
Event: 0.079 Thread 0x0000021d0104e0f0   83       4       java.util.zip.ZipCoder$UTF8ZipCoder::checkedHash (91 bytes)
Event: 0.079 Thread 0x0000021d01224110   80   !   4       java.util.zip.ZipFile$Source::checkAndAddEntry (209 bytes)
Event: 0.082 Thread 0x0000021d0104e0f0 nmethod 83 0x0000021d714c3890 code [0x0000021d714c3a20, 0x0000021d714c3db8]
Event: 0.082 Thread 0x0000021d0104e0f0   84       4       java.util.zip.ZipFile$Source::nextEntryPos (22 bytes)
Event: 0.083 Thread 0x0000021d0104e0f0 nmethod 84 0x0000021d714c3f90 code [0x0000021d714c4100, 0x0000021d714c4238]
Event: 0.083 Thread 0x0000021d0104e0f0   81       4       java.util.zip.ZipFile$Source::zipCoderForPos (39 bytes)
Event: 0.084 Thread 0x0000021d0104e0f0 nmethod 81 0x0000021d714c4390 code [0x0000021d714c4500, 0x0000021d714c45b8]
Event: 0.084 Thread 0x0000021d0104e0f0   82       4       java.util.zip.ZipFile$Source::isMetaName (141 bytes)
Event: 0.085 Thread 0x0000021d0104e0f0 nmethod 82 0x0000021d714c4690 code [0x0000021d714c4800, 0x0000021d714c49b8]
Event: 0.087 Thread 0x0000021d01224110 nmethod 80 0x0000021d714c4b10 code [0x0000021d714c4ce0, 0x0000021d714c5548]

GC Heap History (0 events):
No events

Dll operation events (1 events):
Event: 0.004 Loaded shared library C:\Program Files\Android\Android Studio\jbr\bin\java.dll

Deoptimization events (20 events):
Event: 0.082 Thread 0x0000021d6652d440 DEOPT PACKING pc=0x0000021d69a04d0c sp=0x000000fc220fdb70
Event: 0.082 Thread 0x0000021d6652d440 DEOPT UNPACKING pc=0x0000021d70f77143 sp=0x000000fc220fd000 mode 0
Event: 0.082 Thread 0x0000021d6652d440 DEOPT PACKING pc=0x0000021d69a04d0c sp=0x000000fc220fdb70
Event: 0.082 Thread 0x0000021d6652d440 DEOPT UNPACKING pc=0x0000021d70f77143 sp=0x000000fc220fd000 mode 0
Event: 0.082 Thread 0x0000021d6652d440 DEOPT PACKING pc=0x0000021d69a04d0c sp=0x000000fc220fdb70
Event: 0.082 Thread 0x0000021d6652d440 DEOPT UNPACKING pc=0x0000021d70f77143 sp=0x000000fc220fd000 mode 0
Event: 0.082 Thread 0x0000021d6652d440 DEOPT PACKING pc=0x0000021d69a04d0c sp=0x000000fc220fdb70
Event: 0.082 Thread 0x0000021d6652d440 DEOPT UNPACKING pc=0x0000021d70f77143 sp=0x000000fc220fd000 mode 0
Event: 0.082 Thread 0x0000021d6652d440 DEOPT PACKING pc=0x0000021d69a04d0c sp=0x000000fc220fdb70
Event: 0.082 Thread 0x0000021d6652d440 DEOPT UNPACKING pc=0x0000021d70f77143 sp=0x000000fc220fd000 mode 0
Event: 0.082 Thread 0x0000021d6652d440 DEOPT PACKING pc=0x0000021d69a04d0c sp=0x000000fc220fdb70
Event: 0.082 Thread 0x0000021d6652d440 DEOPT UNPACKING pc=0x0000021d70f77143 sp=0x000000fc220fd000 mode 0
Event: 0.082 Thread 0x0000021d6652d440 DEOPT PACKING pc=0x0000021d69a04d0c sp=0x000000fc220fdb70
Event: 0.082 Thread 0x0000021d6652d440 DEOPT UNPACKING pc=0x0000021d70f77143 sp=0x000000fc220fd000 mode 0
Event: 0.082 Thread 0x0000021d6652d440 DEOPT PACKING pc=0x0000021d69a04d0c sp=0x000000fc220fdb70
Event: 0.082 Thread 0x0000021d6652d440 DEOPT UNPACKING pc=0x0000021d70f77143 sp=0x000000fc220fd000 mode 0
Event: 0.082 Thread 0x0000021d6652d440 DEOPT PACKING pc=0x0000021d69a04d0c sp=0x000000fc220fdb70
Event: 0.082 Thread 0x0000021d6652d440 DEOPT UNPACKING pc=0x0000021d70f77143 sp=0x000000fc220fd000 mode 0
Event: 0.082 Thread 0x0000021d6652d440 DEOPT PACKING pc=0x0000021d69a04d0c sp=0x000000fc220fdb70
Event: 0.082 Thread 0x0000021d6652d440 DEOPT UNPACKING pc=0x0000021d70f77143 sp=0x000000fc220fd000 mode 0

Classes unloaded (0 events):
No events

Classes redefined (0 events):
No events

Internal exceptions (0 events):
No events

VM Operations (0 events):
No events

Events (20 events):
Event: 0.086 loading class java/util/zip/ZipFile$ZipFileInputStream
Event: 0.086 loading class java/util/zip/ZipFile$ZipFileInputStream done
Event: 0.087 loading class java/util/zip/ZipFile$ZipFileInflaterInputStream
Event: 0.087 loading class java/util/zip/InflaterInputStream
Event: 0.087 loading class java/util/zip/InflaterInputStream done
Event: 0.087 loading class java/util/zip/ZipFile$ZipFileInflaterInputStream done
Event: 0.087 loading class java/util/zip/Inflater
Event: 0.087 loading class java/util/zip/Inflater done
Event: 0.087 Loaded shared library C:\Program Files\Android\Android Studio\jbr\bin\zip.dll
Event: 0.087 loading class java/util/zip/Inflater$InflaterZStreamRef
Event: 0.087 loading class java/util/zip/Inflater$InflaterZStreamRef done
Event: 0.087 loading class java/util/zip/ZipFile$InflaterCleanupAction
Event: 0.087 loading class java/util/zip/ZipFile$InflaterCleanupAction done
Event: 0.088 loading class jdk/internal/loader/URLClassPath$JarLoader$2
Event: 0.088 loading class jdk/internal/loader/Resource
Event: 0.088 loading class jdk/internal/loader/Resource done
Event: 0.088 loading class jdk/internal/loader/URLClassPath$JarLoader$2 done
Event: 0.088 loading class java/util/jar/Attributes
Event: 0.088 loading class java/util/jar/Attributes done
Event: 0.088 loading class java/util/LinkedHashMap


Dynamic libraries:
0x00007ff7c9120000 - 0x00007ff7c912a000 	C:\Program Files\Android\Android Studio\jbr\bin\java.exe
0x00007ffc0a250000 - 0x00007ffc0a43d000 	C:\Windows\SYSTEM32\ntdll.dll
0x00007ffc0a160000 - 0x00007ffc0a213000 	C:\Windows\System32\KERNEL32.DLL
0x00007ffc071a0000 - 0x00007ffc07433000 	C:\Windows\System32\KERNELBASE.dll
0x00007ffc063d0000 - 0x00007ffc064cc000 	C:\Windows\System32\ucrtbase.dll
0x00007ffbfd040000 - 0x00007ffbfd057000 	C:\Program Files\Android\Android Studio\jbr\bin\jli.dll
0x00007ffc02b30000 - 0x00007ffc02b4b000 	C:\Program Files\Android\Android Studio\jbr\bin\VCRUNTIME140.dll
0x00007ffc09c30000 - 0x00007ffc09dc7000 	C:\Windows\System32\USER32.dll
0x00007ffc07460000 - 0x00007ffc07480000 	C:\Windows\System32\win32u.dll
0x00007ffbeec50000 - 0x00007ffbeeec9000 	C:\Windows\WinSxS\amd64_microsoft.windows.common-controls_6595b64144ccf1df_6.0.17763.253_none_05b2388e0721fece\COMCTL32.dll
0x00007ffc092b0000 - 0x00007ffc092d9000 	C:\Windows\System32\GDI32.dll
0x00007ffc078c0000 - 0x00007ffc0795e000 	C:\Windows\System32\msvcrt.dll
0x00007ffc06730000 - 0x00007ffc068ca000 	C:\Windows\System32\gdi32full.dll
0x00007ffc09340000 - 0x00007ffc0966d000 	C:\Windows\System32\combase.dll
0x00007ffc07100000 - 0x00007ffc071a0000 	C:\Windows\System32\msvcp_win.dll
0x00007ffc0a030000 - 0x00007ffc0a152000 	C:\Windows\System32\RPCRT4.dll
0x00007ffc068d0000 - 0x00007ffc0694e000 	C:\Windows\System32\bcryptPrimitives.dll
0x00007ffc07760000 - 0x00007ffc0778e000 	C:\Windows\System32\IMM32.DLL
0x00007ffc02600000 - 0x00007ffc0260c000 	C:\Program Files\Android\Android Studio\jbr\bin\vcruntime140_1.dll
0x00007ffbe8380000 - 0x00007ffbe840d000 	C:\Program Files\Android\Android Studio\jbr\bin\msvcp140.dll
0x00007ffbc8950000 - 0x00007ffbc95be000 	C:\Program Files\Android\Android Studio\jbr\bin\server\jvm.dll
0x00007ffc09e50000 - 0x00007ffc09ef3000 	C:\Windows\System32\ADVAPI32.dll
0x00007ffc07480000 - 0x00007ffc0751e000 	C:\Windows\System32\sechost.dll
0x00007ffc015f0000 - 0x00007ffc015f9000 	C:\Windows\SYSTEM32\WSOCK32.dll
0x00007ffc01880000 - 0x00007ffc0188a000 	C:\Windows\SYSTEM32\VERSION.dll
0x00007ffc07970000 - 0x00007ffc079dd000 	C:\Windows\System32\WS2_32.dll
0x00007ffc04540000 - 0x00007ffc04564000 	C:\Windows\SYSTEM32\WINMM.dll
0x00007ffc044e0000 - 0x00007ffc0450d000 	C:\Windows\SYSTEM32\WINMMBASE.dll
0x00007ffc064d0000 - 0x00007ffc0651a000 	C:\Windows\System32\cfgmgr32.dll
0x00007ffc06270000 - 0x00007ffc06281000 	C:\Windows\System32\kernel.appcore.dll
0x00007ffbffd90000 - 0x00007ffbffd9a000 	C:\Program Files\Android\Android Studio\jbr\bin\jimage.dll
0x00007ffbf1ca0000 - 0x00007ffbf1e8d000 	C:\Windows\SYSTEM32\DBGHELP.DLL
0x00007ffbf1af0000 - 0x00007ffbf1b1a000 	C:\Windows\SYSTEM32\dbgcore.DLL
0x00007ffbfe0f0000 - 0x00007ffbfe115000 	C:\Program Files\Android\Android Studio\jbr\bin\java.dll
0x00007ffbfd8e0000 - 0x00007ffbfd8f8000 	C:\Program Files\Android\Android Studio\jbr\bin\zip.dll
0x00007ffc07ba0000 - 0x00007ffc0908f000 	C:\Windows\System32\SHELL32.dll
0x00007ffc09090000 - 0x00007ffc09138000 	C:\Windows\System32\shcore.dll
0x00007ffc069b0000 - 0x00007ffc070fa000 	C:\Windows\System32\windows.storage.dll
0x00007ffc062f0000 - 0x00007ffc06314000 	C:\Windows\System32\profapi.dll
0x00007ffc06290000 - 0x00007ffc062ed000 	C:\Windows\System32\powrprof.dll
0x00007ffc07790000 - 0x00007ffc077e2000 	C:\Windows\System32\shlwapi.dll
0x00007ffc07440000 - 0x00007ffc07457000 	C:\Windows\System32\cryptsp.dll
0x00007ffbfd220000 - 0x00007ffbfd239000 	C:\Program Files\Android\Android Studio\jbr\bin\net.dll
0x00007ffbffbc0000 - 0x00007ffbffcb1000 	C:\Windows\SYSTEM32\WINHTTP.dll
0x00007ffc05a80000 - 0x00007ffc05ae7000 	C:\Windows\system32\mswsock.dll
0x00007ffbfd140000 - 0x00007ffbfd156000 	C:\Program Files\Android\Android Studio\jbr\bin\nio.dll

dbghelp: loaded successfully - version: 4.0.5 - missing functions: none
symbol engine: initialized successfully - sym options: 0x614 - pdb path: .;C:\Program Files\Android\Android Studio\jbr\bin;C:\Windows\SYSTEM32;C:\Windows\WinSxS\amd64_microsoft.windows.common-controls_6595b64144ccf1df_6.0.17763.253_none_05b2388e0721fece;C:\Program Files\Android\Android Studio\jbr\bin\server

VM Arguments:
java_command: org.jetbrains.kotlin.cli.jvm.K2JVMCompiler @E:\Projects\BizApp\app\build\20230825_11706501555851570240.compiler.options
java_class_path (initial): C:\Users\Manager\.gradle\caches\modules-2\files-2.1\org.jetbrains.kotlin\kotlin-compiler-embeddable\1.8.10\b0757fd774344d54ce93f5ad6c30ba1c1731c8ff\kotlin-compiler-embeddable-1.8.10.jar;C:\Users\Manager\.gradle\caches\modules-2\files-2.1\org.jetbrains.kotlin\kotlin-stdlib\1.8.10\6d5560a229477df9406943d5feda5618e98eb64c\kotlin-stdlib-1.8.10.jar;C:\Users\Manager\.gradle\caches\modules-2\files-2.1\org.jetbrains.kotlin\kotlin-script-runtime\1.8.10\b13ea9c7e46d589139e56086a878763290e20bd5\kotlin-script-runtime-1.8.10.jar;C:\Users\Manager\.gradle\caches\modules-2\files-2.1\org.jetbrains.kotlin\kotlin-reflect\1.6.10\1cbe9c92c12a94eea200d23c2bbaedaf3daf5132\kotlin-reflect-1.6.10.jar;C:\Users\Manager\.gradle\caches\modules-2\files-2.1\org.jetbrains.kotlin\kotlin-daemon-embeddable\1.8.10\ad8541d9bc1cf9e52c3204161247910c2cf601d4\kotlin-daemon-embeddable-1.8.10.jar;C:\Users\Manager\.gradle\caches\modules-2\files-2.1\org.jetbrains.intellij.deps\trove4j\1.0.20200330\3afb14d5f9ceb459d724e907a21145e8ff394f02\trove4j-1.0.20200330.jar;C:\Users\Manager\.gradle\caches\modules-2\files-2.1\net.java.dev.jna\jna\5.6.0\330f2244e9030119ab3030fc3fededc86713d9cc\jna-5.6.0.jar;C:\Users\Manager\.gradle\caches\modules-2\files-2.1\org.jetbrains.kotlin\kotlin-stdlib-common\1.8.10\a61b182458550492c12aee66157d7b524a63a5ec\kotlin-stdlib-common-1.8.10.jar;C:\Users\Manager\.gradle\caches\modules-2\files-2.1\org.jetbrains\annotations\13.0\919f0dfe192fb4e063e7dacadee7f8bb9a2672a9\annotations-13.0.jar
Launcher Type: SUN_STANDARD

[Global flags]
     intx CICompilerCount                          = 4                                         {product} {ergonomic}
     uint ConcGCThreads                            = 3                                         {product} {ergonomic}
     uint G1ConcRefinementThreads                  = 10                                        {product} {ergonomic}
   size_t G1HeapRegionSize                         = 1048576                                   {product} {ergonomic}
    uintx GCDrainStackTargetSize                   = 64                                        {product} {ergonomic}
   size_t InitialHeapSize                          = 132120576                                 {product} {ergonomic}
   size_t MarkStackSize                            = 4194304                                   {product} {ergonomic}
   size_t MaxHeapSize                              = 2095054848                                {product} {ergonomic}
   size_t MaxNewSize                               = 1256194048                                {product} {ergonomic}
   size_t MinHeapDeltaBytes                        = 1048576                                   {product} {ergonomic}
   size_t MinHeapSize                              = 8388608                                   {product} {ergonomic}
    uintx NonNMethodCodeHeapSize                   = 5839372                                {pd product} {ergonomic}
    uintx NonProfiledCodeHeapSize                  = 122909434                              {pd product} {ergonomic}
    uintx ProfiledCodeHeapSize                     = 122909434                              {pd product} {ergonomic}
    uintx ReservedCodeCacheSize                    = 251658240                              {pd product} {ergonomic}
     bool SegmentedCodeCache                       = true                                      {product} {ergonomic}
   size_t SoftMaxHeapSize                          = 2095054848                             {manageable} {ergonomic}
     bool UseCompressedClassPointers               = true                           {product lp64_product} {ergonomic}
     bool UseCompressedOops                        = true                           {product lp64_product} {ergonomic}
     bool UseG1GC                                  = true                                      {product} {ergonomic}
     bool UseLargePagesIndividualAllocation        = false                                  {pd product} {ergonomic}

Logging:
Log output configuration:
 #0: stdout all=warning uptime,level,tags
 #1: stderr all=off uptime,level,tags

Environment Variables:
PATH=C:\Windows\system32;C:\Windows;C:\Windows\System32\Wbem;C:\Windows\System32\WindowsPowerShell\v1.0\;C:\Windows\System32\OpenSSH\;C:\Program Files\nodejs\;C:\Users\Manager\AppData\Local\Programs\Python\Python311\Scripts\;C:\Users\Manager\AppData\Local\Programs\Python\Python311\;C:\Users\Manager\AppData\Local\Microsoft\WindowsApps;C:\Users\Manager\AppData\Local\Programs\Microsoft VS Code\bin;C:\Users\Manager\AppData\Local\GitHubDesktop\bin;C:\Users\Manager\AppData\Roaming\npm
USERNAME=Manager
OS=Windows_NT
PROCESSOR_IDENTIFIER=Intel64 Family 6 Model 158 Stepping 10, GenuineIntel
TMP=C:\Users\Manager\AppData\Local\Temp
TEMP=C:\Users\Manager\AppData\Local\Temp


JNI global refs:
JNI global refs: 8, weak refs: 0

JNI global refs memory usage: 843, weak refs: 209


---------------  S Y S T E M  ---------------

OS:
 Windows 10 , 64 bit Build 17763 (10.0.17763.1)
OS uptime: 1 days 2:10 hours

CPU: total 12 (initial active 12) (6 cores per cpu, 2 threads per core) family 6 model 158 stepping 10 microcode 0xf0, cx8, cmov, fxsr, ht, mmx, 3dnowpref, sse, sse2, sse3, ssse3, sse4.1, sse4.2, popcnt, lzcnt, tsc, tscinvbit, avx, avx2, aes, erms, clmul, bmi1, bmi2, rtm, adx, fma, vzeroupper, clflush, clflushopt

Memory: 4k page, system-wide physical 7988M (578M free)
TotalPageFile size 9882M (AvailPageFile size 5M)
current process WorkingSet (physical memory assigned to process): 33M, peak: 33M
current process commit charge ("private bytes"): 206M, peak: 206M

vm_info: OpenJDK 64-Bit Server VM (17.0.6+0-b2043.56-10027231) for windows-amd64 JRE (17.0.6+0-b2043.56-10027231), built on Apr 28 2023 00:43:19 by "androidbuild" with MS VC++ 16.10 / 16.11 (VS2019)

END.
