#
# There is insufficient memory for the Java Runtime Environment to continue.
# Native memory allocation (mmap) failed to map 65536 bytes for Failed to commit metaspace.
# Possible reasons:
#   The system is out of physical RAM or swap space
#   The process is running with CompressedOops enabled, and the Java Heap may be blocking the growth of the native heap
# Possible solutions:
#   Reduce memory load on the system
#   Increase physical memory or swap space
#   Check if swap backing store is full
#   Decrease Java heap size (-Xmx/-Xms)
#   Decrease number of Java threads
#   Decrease Java thread stack sizes (-Xss)
#   Set larger code cache with -XX:ReservedCodeCacheSize=
#   JVM is running with Unscaled Compressed Oops mode in which the Java heap is
#     placed in the first 4GB address space. The Java Heap base address is the
#     maximum limit for the native heap growth. Please use -XX:HeapBaseMinAddress
#     to set the Java Heap base and to place the Java Heap above 4GB virtual address.
# This output file may be truncated or incomplete.
#
#  Out of Memory Error (virtualSpaceNode.cpp:110), pid=11124, tid=9096
#
# JRE version: OpenJDK Runtime Environment (17.0.6) (build 17.0.6+0-b2043.56-10027231)
# Java VM: OpenJDK 64-Bit Server VM (17.0.6+0-b2043.56-10027231, mixed mode, tiered, compressed oops, compressed class ptrs, g1 gc, windows-amd64)
# No core dump will be written. Minidumps are not enabled by default on client versions of Windows
#

---------------  S U M M A R Y ------------

Command Line: org.jetbrains.kotlin.cli.jvm.K2JVMCompiler @E:\Projects\BizApp\app\build\20230825_14509535963970681017.compiler.options

Host: Intel(R) Core(TM) i7-8700 CPU @ 3.20GHz, 12 cores, 7G,  Windows 10 , 64 bit Build 17763 (10.0.17763.1)
Time: Fri Aug 25 03:01:51 2023 Arabic Standard Time elapsed time: 2.108030 seconds (0d 0h 0m 2s)

---------------  T H R E A D  ---------------

Current thread (0x000002219c67e330):  JavaThread "main" [_thread_in_vm, id=9096, stack(0x000000e59c500000,0x000000e59c600000)]

Stack: [0x000000e59c500000,0x000000e59c600000]
Native frames: (J=compiled Java code, j=interpreted, Vv=VM code, C=native code)
V  [jvm.dll+0x683c9a]
V  [jvm.dll+0x8427a4]
V  [jvm.dll+0x843f9e]
V  [jvm.dll+0x844603]
V  [jvm.dll+0x249b75]
V  [jvm.dll+0x83e7fb]
V  [jvm.dll+0x628006]
V  [jvm.dll+0x1c194e]
V  [jvm.dll+0x62a941]
V  [jvm.dll+0x6289a6]
V  [jvm.dll+0x6327d7]
V  [jvm.dll+0x1eda2b]
V  [jvm.dll+0x1edf65]
V  [jvm.dll+0x1ee884]
V  [jvm.dll+0x1e3dcc]
V  [jvm.dll+0x547fed]
V  [jvm.dll+0x7bd3d5]
V  [jvm.dll+0x7bd4ee]
V  [jvm.dll+0x41182a]
V  [jvm.dll+0x4179a9]
C  [java.dll+0x17ec]

Java frames: (J=compiled Java code, j=interpreted, Vv=VM code)
J 499  java.lang.ClassLoader.defineClass1(Ljava/lang/ClassLoader;Ljava/lang/String;[BIILjava/security/ProtectionDomain;Ljava/lang/String;)Ljava/lang/Class; java.base@17.0.6 (0 bytes) @ 0x00000221a8e4f6db [0x00000221a8e4f620+0x00000000000000bb]
J 496 c1 java.lang.ClassLoader.defineClass(Ljava/lang/String;[BIILjava/security/ProtectionDomain;)Ljava/lang/Class; java.base@17.0.6 (43 bytes) @ 0x00000221a1446044 [0x00000221a1445d00+0x0000000000000344]
J 447 c1 java.security.SecureClassLoader.defineClass(Ljava/lang/String;[BIILjava/security/CodeSource;)Ljava/lang/Class; java.base@17.0.6 (16 bytes) @ 0x00000221a142ac0c [0x00000221a142ab40+0x00000000000000cc]
J 448 c1 jdk.internal.loader.BuiltinClassLoader.defineClass(Ljava/lang/String;Ljdk/internal/loader/Resource;)Ljava/lang/Class; java.base@17.0.6 (121 bytes) @ 0x00000221a1427c2c [0x00000221a14269a0+0x000000000000128c]
J 344 c1 jdk.internal.loader.BuiltinClassLoader.findClassOnClassPathOrNull(Ljava/lang/String;)Ljava/lang/Class; java.base@17.0.6 (64 bytes) @ 0x00000221a13dccfc [0x00000221a13dbc80+0x000000000000107c]
J 212 c1 jdk.internal.loader.BuiltinClassLoader.loadClassOrNull(Ljava/lang/String;Z)Ljava/lang/Class; java.base@17.0.6 (143 bytes) @ 0x00000221a13a9004 [0x00000221a13a8140+0x0000000000000ec4]
J 302 c1 jdk.internal.loader.ClassLoaders$AppClassLoader.loadClass(Ljava/lang/String;Z)Ljava/lang/Class; java.base@17.0.6 (40 bytes) @ 0x00000221a13c3e74 [0x00000221a13c3860+0x0000000000000614]
J 301 c1 java.lang.ClassLoader.loadClass(Ljava/lang/String;)Ljava/lang/Class; java.base@17.0.6 (7 bytes) @ 0x00000221a13c34bc [0x00000221a13c33c0+0x00000000000000fc]
v  ~StubRoutines::call_stub
j  kotlin.collections.IndexingIterable.iterator()Ljava/util/Iterator;+0
j  kotlin.reflect.jvm.internal.impl.metadata.jvm.deserialization.JvmNameResolver.<clinit>()V+672
v  ~StubRoutines::call_stub
j  kotlin.reflect.jvm.internal.impl.metadata.jvm.deserialization.JvmProtoBufUtil.readNameResolver(Ljava/io/InputStream;[Ljava/lang/String;)Lkotlin/reflect/jvm/internal/impl/metadata/jvm/deserialization/JvmNameResolver;+0
j  kotlin.reflect.jvm.internal.impl.metadata.jvm.deserialization.JvmProtoBufUtil.readClassDataFrom([B[Ljava/lang/String;)Lkotlin/Pair;+33
j  kotlin.reflect.jvm.internal.impl.metadata.jvm.deserialization.JvmProtoBufUtil.readClassDataFrom([Ljava/lang/String;[Ljava/lang/String;)Lkotlin/Pair;+29
j  kotlin.reflect.jvm.internal.impl.load.kotlin.DeserializedDescriptorResolver.readClassData$descriptors_jvm(Lkotlin/reflect/jvm/internal/impl/load/kotlin/KotlinJvmBinaryClass;)Lkotlin/reflect/jvm/internal/impl/serialization/deserialization/ClassData;+57
j  kotlin.reflect.jvm.internal.impl.load.kotlin.DeserializedDescriptorResolver.resolveClass(Lkotlin/reflect/jvm/internal/impl/load/kotlin/KotlinJvmBinaryClass;)Lkotlin/reflect/jvm/internal/impl/descriptors/ClassDescriptor;+8
j  kotlin.reflect.jvm.internal.impl.load.java.lazy.descriptors.LazyJavaPackageScope.resolveKotlinBinaryClass(Lkotlin/reflect/jvm/internal/impl/load/kotlin/KotlinJvmBinaryClass;)Lkotlin/reflect/jvm/internal/impl/load/java/lazy/descriptors/LazyJavaPackageScope$KotlinClassLookupResult;+40
j  kotlin.reflect.jvm.internal.impl.load.java.lazy.descriptors.LazyJavaPackageScope.access$resolveKotlinBinaryClass(Lkotlin/reflect/jvm/internal/impl/load/java/lazy/descriptors/LazyJavaPackageScope;Lkotlin/reflect/jvm/internal/impl/load/kotlin/KotlinJvmBinaryClass;)Lkotlin/reflect/jvm/internal/impl/load/java/lazy/descriptors/LazyJavaPackageScope$KotlinClassLookupResult;+2
j  kotlin.reflect.jvm.internal.impl.load.java.lazy.descriptors.LazyJavaPackageScope$classes$1.invoke(Lkotlin/reflect/jvm/internal/impl/load/java/lazy/descriptors/LazyJavaPackageScope$FindClassRequest;)Lkotlin/reflect/jvm/internal/impl/descriptors/ClassDescriptor;+144
j  kotlin.reflect.jvm.internal.impl.load.java.lazy.descriptors.LazyJavaPackageScope$classes$1.invoke(Ljava/lang/Object;)Ljava/lang/Object;+5
j  kotlin.reflect.jvm.internal.impl.storage.LockBasedStorageManager$MapBasedMemoizedFunction.invoke(Ljava/lang/Object;)Ljava/lang/Object;+182
j  kotlin.reflect.jvm.internal.impl.load.java.lazy.descriptors.LazyJavaPackageScope.findClassifier(Lkotlin/reflect/jvm/internal/impl/name/Name;Lkotlin/reflect/jvm/internal/impl/load/java/structure/JavaClass;)Lkotlin/reflect/jvm/internal/impl/descriptors/ClassDescriptor;+61
j  kotlin.reflect.jvm.internal.impl.load.java.lazy.descriptors.LazyJavaPackageScope.getContributedClassifier(Lkotlin/reflect/jvm/internal/impl/name/Name;Lkotlin/reflect/jvm/internal/impl/incremental/components/LookupLocation;)Lkotlin/reflect/jvm/internal/impl/descriptors/ClassDescriptor;+15
j  kotlin.reflect.jvm.internal.impl.load.java.lazy.descriptors.JvmPackageScope.getContributedClassifier(Lkotlin/reflect/jvm/internal/impl/name/Name;Lkotlin/reflect/jvm/internal/impl/incremental/components/LookupLocation;)Lkotlin/reflect/jvm/internal/impl/descriptors/ClassifierDescriptor;+24
j  kotlin.reflect.jvm.internal.impl.resolve.scopes.ChainedMemberScope.getContributedClassifier(Lkotlin/reflect/jvm/internal/impl/name/Name;Lkotlin/reflect/jvm/internal/impl/incremental/components/LookupLocation;)Lkotlin/reflect/jvm/internal/impl/descriptors/ClassifierDescriptor;+62
j  kotlin.reflect.jvm.internal.impl.resolve.scopes.AbstractScopeAdapter.getContributedClassifier(Lkotlin/reflect/jvm/internal/impl/name/Name;Lkotlin/reflect/jvm/internal/impl/incremental/components/LookupLocation;)Lkotlin/reflect/jvm/internal/impl/descriptors/ClassifierDescriptor;+18
j  kotlin.reflect.jvm.internal.impl.descriptors.FindClassInModuleKt.findClassifierAcrossModuleDependencies(Lkotlin/reflect/jvm/internal/impl/descriptors/ModuleDescriptor;Lkotlin/reflect/jvm/internal/impl/name/ClassId;)Lkotlin/reflect/jvm/internal/impl/descriptors/ClassifierDescriptor;+109
j  kotlin.reflect.jvm.internal.impl.descriptors.FindClassInModuleKt.findClassAcrossModuleDependencies(Lkotlin/reflect/jvm/internal/impl/descriptors/ModuleDescriptor;Lkotlin/reflect/jvm/internal/impl/name/ClassId;)Lkotlin/reflect/jvm/internal/impl/descriptors/ClassDescriptor;+14
j  kotlin.reflect.jvm.internal.KClassImpl$Data$descriptor$2.invoke()Lkotlin/reflect/jvm/internal/impl/descriptors/ClassDescriptor;+48
j  kotlin.reflect.jvm.internal.KClassImpl$Data$descriptor$2.invoke()Ljava/lang/Object;+1
j  kotlin.reflect.jvm.internal.ReflectProperties$LazySoftVal.invoke()Ljava/lang/Object;+28
j  kotlin.reflect.jvm.internal.ReflectProperties$Val.getValue(Ljava/lang/Object;Ljava/lang/Object;)Ljava/lang/Object;+1
j  kotlin.reflect.jvm.internal.KClassImpl$Data.getDescriptor()Lkotlin/reflect/jvm/internal/impl/descriptors/ClassDescriptor;+10
j  kotlin.reflect.jvm.internal.KClassImpl.getDescriptor()Lkotlin/reflect/jvm/internal/impl/descriptors/ClassDescriptor;+10
j  kotlin.reflect.jvm.internal.KClassImpl.getMemberScope$kotlin_reflection()Lkotlin/reflect/jvm/internal/impl/resolve/scopes/MemberScope;+1
j  kotlin.reflect.jvm.internal.KClassImpl$Data$declaredNonStaticMembers$2.invoke()Ljava/util/Collection;+8
j  kotlin.reflect.jvm.internal.KClassImpl$Data$declaredNonStaticMembers$2.invoke()Ljava/lang/Object;+1
j  kotlin.reflect.jvm.internal.ReflectProperties$LazySoftVal.invoke()Ljava/lang/Object;+28
j  kotlin.reflect.jvm.internal.ReflectProperties$Val.getValue(Ljava/lang/Object;Ljava/lang/Object;)Ljava/lang/Object;+1
j  kotlin.reflect.jvm.internal.KClassImpl$Data.getDeclaredNonStaticMembers()Ljava/util/Collection;+11
j  kotlin.reflect.jvm.internal.KClassImpl$Data$allNonStaticMembers$2.invoke()Ljava/util/List;+4
j  kotlin.reflect.jvm.internal.KClassImpl$Data$allNonStaticMembers$2.invoke()Ljava/lang/Object;+1
j  kotlin.reflect.jvm.internal.ReflectProperties$LazySoftVal.invoke()Ljava/lang/Object;+28
j  kotlin.reflect.jvm.internal.ReflectProperties$Val.getValue(Ljava/lang/Object;Ljava/lang/Object;)Ljava/lang/Object;+1
j  kotlin.reflect.jvm.internal.KClassImpl$Data.getAllNonStaticMembers()Ljava/util/Collection;+11
j  kotlin.reflect.full.KClasses.getMemberProperties(Lkotlin/reflect/KClass;)Ljava/util/Collection;+19
j  org.jetbrains.kotlin.cli.common.arguments.ParseCommandLineArgumentsKt.parsePreprocessedCommandLineArguments(Ljava/util/List;Lorg/jetbrains/kotlin/cli/common/arguments/CommonToolArguments;Lorg/jetbrains/kotlin/cli/common/arguments/ArgumentParseErrors;Z)V+7
j  org.jetbrains.kotlin.cli.common.arguments.ParseCommandLineArgumentsKt.parseCommandLineArguments(Ljava/util/List;Lorg/jetbrains/kotlin/cli/common/arguments/CommonToolArguments;Z)V+71
j  org.jetbrains.kotlin.cli.common.arguments.ParseCommandLineArgumentsKt.parseCommandLineArguments$default(Ljava/util/List;Lorg/jetbrains/kotlin/cli/common/arguments/CommonToolArguments;ZILjava/lang/Object;)V+11
j  org.jetbrains.kotlin.cli.common.CLITool.exec(Ljava/io/PrintStream;Lorg/jetbrains/kotlin/config/Services;Lorg/jetbrains/kotlin/cli/common/messages/MessageRenderer;[Ljava/lang/String;)Lorg/jetbrains/kotlin/cli/common/ExitCode;+41
j  org.jetbrains.kotlin.cli.common.CLITool.exec(Ljava/io/PrintStream;Lorg/jetbrains/kotlin/cli/common/messages/MessageRenderer;[Ljava/lang/String;)Lorg/jetbrains/kotlin/cli/common/ExitCode;+25
j  org.jetbrains.kotlin.cli.common.CLITool$Companion.doMainNoExit(Lorg/jetbrains/kotlin/cli/common/CLITool;[Ljava/lang/String;Lorg/jetbrains/kotlin/cli/common/messages/MessageRenderer;)Lorg/jetbrains/kotlin/cli/common/ExitCode;+39
j  org.jetbrains.kotlin.cli.common.CLITool$Companion.doMainNoExit$default(Lorg/jetbrains/kotlin/cli/common/CLITool$Companion;Lorg/jetbrains/kotlin/cli/common/CLITool;[Ljava/lang/String;Lorg/jetbrains/kotlin/cli/common/messages/MessageRenderer;ILjava/lang/Object;)Lorg/jetbrains/kotlin/cli/common/ExitCode;+16
j  org.jetbrains.kotlin.cli.common.CLITool$Companion.doMain(Lorg/jetbrains/kotlin/cli/common/CLITool;[Ljava/lang/String;)V+57
j  org.jetbrains.kotlin.cli.jvm.K2JVMCompiler$Companion.main([Ljava/lang/String;)V+20
j  org.jetbrains.kotlin.cli.jvm.K2JVMCompiler.main([Ljava/lang/String;)V+4
v  ~StubRoutines::call_stub

---------------  P R O C E S S  ---------------

Threads class SMR info:
_java_thread_list=0x00000221b91cc720, length=13, elements={
0x000002219c67e330, 0x00000221b875f8f0, 0x00000221b8760760, 0x00000221b904dac0,
0x00000221b904f5e0, 0x00000221b90505a0, 0x00000221b9051560, 0x00000221b9052700,
0x00000221b90531a0, 0x00000221b9053b90, 0x00000221b91cceb0, 0x00000221b91df880,
0x00000221b91f0060
}

Java Threads: ( => current thread )
=>0x000002219c67e330 JavaThread "main" [_thread_in_vm, id=9096, stack(0x000000e59c500000,0x000000e59c600000)]
  0x00000221b875f8f0 JavaThread "Reference Handler" daemon [_thread_blocked, id=9200, stack(0x000000e59cc00000,0x000000e59cd00000)]
  0x00000221b8760760 JavaThread "Finalizer" daemon [_thread_blocked, id=11712, stack(0x000000e59cd00000,0x000000e59ce00000)]
  0x00000221b904dac0 JavaThread "Signal Dispatcher" daemon [_thread_blocked, id=7764, stack(0x000000e59ce00000,0x000000e59cf00000)]
  0x00000221b904f5e0 JavaThread "Attach Listener" daemon [_thread_blocked, id=13092, stack(0x000000e59cf00000,0x000000e59d000000)]
  0x00000221b90505a0 JavaThread "Service Thread" daemon [_thread_blocked, id=2880, stack(0x000000e59d000000,0x000000e59d100000)]
  0x00000221b9051560 JavaThread "Monitor Deflation Thread" daemon [_thread_blocked, id=12704, stack(0x000000e59d100000,0x000000e59d200000)]
  0x00000221b9052700 JavaThread "C2 CompilerThread0" daemon [_thread_blocked, id=1860, stack(0x000000e59d200000,0x000000e59d300000)]
  0x00000221b90531a0 JavaThread "C1 CompilerThread0" daemon [_thread_blocked, id=6392, stack(0x000000e59d300000,0x000000e59d400000)]
  0x00000221b9053b90 JavaThread "Sweeper thread" daemon [_thread_blocked, id=8736, stack(0x000000e59d400000,0x000000e59d500000)]
  0x00000221b91cceb0 JavaThread "Notification Thread" daemon [_thread_blocked, id=11952, stack(0x000000e59d500000,0x000000e59d600000)]
  0x00000221b91df880 JavaThread "Common-Cleaner" daemon [_thread_blocked, id=8552, stack(0x000000e59d700000,0x000000e59d800000)]
  0x00000221b91f0060 JavaThread "C2 CompilerThread1" daemon [_thread_blocked, id=1048, stack(0x000000e59d800000,0x000000e59d900000)]

Other Threads:
  0x00000221b875bbd0 VMThread "VM Thread" [stack: 0x000000e59cb00000,0x000000e59cc00000] [id=1256] _threads_hazard_ptr=0x00000221b91cc720
  0x000002219c6f0210 WatcherThread [stack: 0x000000e59d600000,0x000000e59d700000] [id=1736]
  0x000002219c6d9240 GCTaskThread "GC Thread#0" [stack: 0x000000e59c600000,0x000000e59c700000] [id=4024]
  0x000002219c6e9b40 ConcurrentGCThread "G1 Main Marker" [stack: 0x000000e59c700000,0x000000e59c800000] [id=7312]
  0x000002219c6ea550 ConcurrentGCThread "G1 Conc#0" [stack: 0x000000e59c800000,0x000000e59c900000] [id=12540]
  0x000002219c73ece0 ConcurrentGCThread "G1 Refine#0" [stack: 0x000000e59c900000,0x000000e59ca00000] [id=5092]
  0x00000221b85b2c10 ConcurrentGCThread "G1 Service" [stack: 0x000000e59ca00000,0x000000e59cb00000] [id=5088]

Threads with active compile tasks:

VM state: synchronizing (normal execution)

VM Mutex/Monitor currently owned by a thread:  ([mutex/lock_event])
[0x000002219c678de0] Metaspace_lock - owner thread: 0x000002219c67e330
[0x000002219c67af00] Threads_lock - owner thread: 0x00000221b875bbd0

Heap address: 0x0000000083200000, size: 1998 MB, Compressed Oops mode: 32-bit

CDS archive(s) not mapped
Compressed class space mapped at: 0x0000000100000000-0x0000000140000000, reserved size: 1073741824
Narrow klass base: 0x0000000000000000, Narrow klass shift: 3, Narrow klass range: 0x140000000

GC Precious Log:
 CPUs: 12 total, 12 available
 Memory: 7988M
 Large Page Support: Disabled
 NUMA Support: Disabled
 Compressed Oops: Enabled (32-bit)
 Heap Region Size: 1M
 Heap Min Capacity: 8M
 Heap Initial Capacity: 126M
 Heap Max Capacity: 1998M
 Pre-touch: Disabled
 Parallel Workers: 10
 Concurrent Workers: 3
 Concurrent Refinement Workers: 10
 Periodic GC: Disabled

Heap:
 garbage-first heap   total 129024K, used 24576K [0x0000000083200000, 0x0000000100000000)
  region size 1024K, 21 young (21504K), 0 survivors (0K)
 Metaspace       used 12745K, committed 12864K, reserved 1064960K
  class space    used 1213K, committed 1280K, reserved 1048576K

Heap Regions: E=young(eden), S=young(survivor), O=old, HS=humongous(starts), HC=humongous(continues), CS=collection set, F=free, OA=open archive, CA=closed archive, TAMS=top-at-mark-start (previous, next)
|   0|0x0000000083200000, 0x0000000083300000, 0x0000000083300000|100%|HS|  |TAMS 0x0000000083200000, 0x0000000083200000| Complete 
|   1|0x0000000083300000, 0x0000000083400000, 0x0000000083400000|100%|HC|  |TAMS 0x0000000083300000, 0x0000000083300000| Complete 
|   2|0x0000000083400000, 0x0000000083500000, 0x0000000083500000|100%|HC|  |TAMS 0x0000000083400000, 0x0000000083400000| Complete 
|   3|0x0000000083500000, 0x0000000083600000, 0x0000000083600000|100%|HC|  |TAMS 0x0000000083500000, 0x0000000083500000| Complete 
|   4|0x0000000083600000, 0x0000000083700000, 0x0000000083700000|100%|HS|  |TAMS 0x0000000083600000, 0x0000000083600000| Complete 
|   5|0x0000000083700000, 0x0000000083700000, 0x0000000083800000|  0%| F|  |TAMS 0x0000000083700000, 0x0000000083700000| Untracked 
|   6|0x0000000083800000, 0x0000000083800000, 0x0000000083900000|  0%| F|  |TAMS 0x0000000083800000, 0x0000000083800000| Untracked 
|   7|0x0000000083900000, 0x0000000083900000, 0x0000000083a00000|  0%| F|  |TAMS 0x0000000083900000, 0x0000000083900000| Untracked 
|   8|0x0000000083a00000, 0x0000000083a00000, 0x0000000083b00000|  0%| F|  |TAMS 0x0000000083a00000, 0x0000000083a00000| Untracked 
|   9|0x0000000083b00000, 0x0000000083b00000, 0x0000000083c00000|  0%| F|  |TAMS 0x0000000083b00000, 0x0000000083b00000| Untracked 
|  10|0x0000000083c00000, 0x0000000083c00000, 0x0000000083d00000|  0%| F|  |TAMS 0x0000000083c00000, 0x0000000083c00000| Untracked 
|  11|0x0000000083d00000, 0x0000000083d00000, 0x0000000083e00000|  0%| F|  |TAMS 0x0000000083d00000, 0x0000000083d00000| Untracked 
|  12|0x0000000083e00000, 0x0000000083e00000, 0x0000000083f00000|  0%| F|  |TAMS 0x0000000083e00000, 0x0000000083e00000| Untracked 
|  13|0x0000000083f00000, 0x0000000083f00000, 0x0000000084000000|  0%| F|  |TAMS 0x0000000083f00000, 0x0000000083f00000| Untracked 
|  14|0x0000000084000000, 0x0000000084000000, 0x0000000084100000|  0%| F|  |TAMS 0x0000000084000000, 0x0000000084000000| Untracked 
|  15|0x0000000084100000, 0x0000000084100000, 0x0000000084200000|  0%| F|  |TAMS 0x0000000084100000, 0x0000000084100000| Untracked 
|  16|0x0000000084200000, 0x0000000084200000, 0x0000000084300000|  0%| F|  |TAMS 0x0000000084200000, 0x0000000084200000| Untracked 
|  17|0x0000000084300000, 0x0000000084300000, 0x0000000084400000|  0%| F|  |TAMS 0x0000000084300000, 0x0000000084300000| Untracked 
|  18|0x0000000084400000, 0x0000000084400000, 0x0000000084500000|  0%| F|  |TAMS 0x0000000084400000, 0x0000000084400000| Untracked 
|  19|0x0000000084500000, 0x0000000084500000, 0x0000000084600000|  0%| F|  |TAMS 0x0000000084500000, 0x0000000084500000| Untracked 
|  20|0x0000000084600000, 0x0000000084600000, 0x0000000084700000|  0%| F|  |TAMS 0x0000000084600000, 0x0000000084600000| Untracked 
|  21|0x0000000084700000, 0x0000000084700000, 0x0000000084800000|  0%| F|  |TAMS 0x0000000084700000, 0x0000000084700000| Untracked 
|  22|0x0000000084800000, 0x0000000084800000, 0x0000000084900000|  0%| F|  |TAMS 0x0000000084800000, 0x0000000084800000| Untracked 
|  23|0x0000000084900000, 0x0000000084900000, 0x0000000084a00000|  0%| F|  |TAMS 0x0000000084900000, 0x0000000084900000| Untracked 
|  24|0x0000000084a00000, 0x0000000084a00000, 0x0000000084b00000|  0%| F|  |TAMS 0x0000000084a00000, 0x0000000084a00000| Untracked 
|  25|0x0000000084b00000, 0x0000000084b00000, 0x0000000084c00000|  0%| F|  |TAMS 0x0000000084b00000, 0x0000000084b00000| Untracked 
|  26|0x0000000084c00000, 0x0000000084c00000, 0x0000000084d00000|  0%| F|  |TAMS 0x0000000084c00000, 0x0000000084c00000| Untracked 
|  27|0x0000000084d00000, 0x0000000084d00000, 0x0000000084e00000|  0%| F|  |TAMS 0x0000000084d00000, 0x0000000084d00000| Untracked 
|  28|0x0000000084e00000, 0x0000000084e00000, 0x0000000084f00000|  0%| F|  |TAMS 0x0000000084e00000, 0x0000000084e00000| Untracked 
|  29|0x0000000084f00000, 0x0000000084f00000, 0x0000000085000000|  0%| F|  |TAMS 0x0000000084f00000, 0x0000000084f00000| Untracked 
|  30|0x0000000085000000, 0x0000000085000000, 0x0000000085100000|  0%| F|  |TAMS 0x0000000085000000, 0x0000000085000000| Untracked 
|  31|0x0000000085100000, 0x0000000085100000, 0x0000000085200000|  0%| F|  |TAMS 0x0000000085100000, 0x0000000085100000| Untracked 
|  32|0x0000000085200000, 0x0000000085200000, 0x0000000085300000|  0%| F|  |TAMS 0x0000000085200000, 0x0000000085200000| Untracked 
|  33|0x0000000085300000, 0x0000000085300000, 0x0000000085400000|  0%| F|  |TAMS 0x0000000085300000, 0x0000000085300000| Untracked 
|  34|0x0000000085400000, 0x0000000085400000, 0x0000000085500000|  0%| F|  |TAMS 0x0000000085400000, 0x0000000085400000| Untracked 
|  35|0x0000000085500000, 0x0000000085500000, 0x0000000085600000|  0%| F|  |TAMS 0x0000000085500000, 0x0000000085500000| Untracked 
|  36|0x0000000085600000, 0x0000000085600000, 0x0000000085700000|  0%| F|  |TAMS 0x0000000085600000, 0x0000000085600000| Untracked 
|  37|0x0000000085700000, 0x0000000085700000, 0x0000000085800000|  0%| F|  |TAMS 0x0000000085700000, 0x0000000085700000| Untracked 
|  38|0x0000000085800000, 0x0000000085800000, 0x0000000085900000|  0%| F|  |TAMS 0x0000000085800000, 0x0000000085800000| Untracked 
|  39|0x0000000085900000, 0x0000000085900000, 0x0000000085a00000|  0%| F|  |TAMS 0x0000000085900000, 0x0000000085900000| Untracked 
|  40|0x0000000085a00000, 0x0000000085a00000, 0x0000000085b00000|  0%| F|  |TAMS 0x0000000085a00000, 0x0000000085a00000| Untracked 
|  41|0x0000000085b00000, 0x0000000085b00000, 0x0000000085c00000|  0%| F|  |TAMS 0x0000000085b00000, 0x0000000085b00000| Untracked 
|  42|0x0000000085c00000, 0x0000000085c00000, 0x0000000085d00000|  0%| F|  |TAMS 0x0000000085c00000, 0x0000000085c00000| Untracked 
|  43|0x0000000085d00000, 0x0000000085d00000, 0x0000000085e00000|  0%| F|  |TAMS 0x0000000085d00000, 0x0000000085d00000| Untracked 
|  44|0x0000000085e00000, 0x0000000085e00000, 0x0000000085f00000|  0%| F|  |TAMS 0x0000000085e00000, 0x0000000085e00000| Untracked 
|  45|0x0000000085f00000, 0x0000000085f00000, 0x0000000086000000|  0%| F|  |TAMS 0x0000000085f00000, 0x0000000085f00000| Untracked 
|  46|0x0000000086000000, 0x0000000086000000, 0x0000000086100000|  0%| F|  |TAMS 0x0000000086000000, 0x0000000086000000| Untracked 
|  47|0x0000000086100000, 0x0000000086100000, 0x0000000086200000|  0%| F|  |TAMS 0x0000000086100000, 0x0000000086100000| Untracked 
|  48|0x0000000086200000, 0x0000000086200000, 0x0000000086300000|  0%| F|  |TAMS 0x0000000086200000, 0x0000000086200000| Untracked 
|  49|0x0000000086300000, 0x0000000086300000, 0x0000000086400000|  0%| F|  |TAMS 0x0000000086300000, 0x0000000086300000| Untracked 
|  50|0x0000000086400000, 0x0000000086400000, 0x0000000086500000|  0%| F|  |TAMS 0x0000000086400000, 0x0000000086400000| Untracked 
|  51|0x0000000086500000, 0x0000000086500000, 0x0000000086600000|  0%| F|  |TAMS 0x0000000086500000, 0x0000000086500000| Untracked 
|  52|0x0000000086600000, 0x0000000086600000, 0x0000000086700000|  0%| F|  |TAMS 0x0000000086600000, 0x0000000086600000| Untracked 
|  53|0x0000000086700000, 0x0000000086700000, 0x0000000086800000|  0%| F|  |TAMS 0x0000000086700000, 0x0000000086700000| Untracked 
|  54|0x0000000086800000, 0x0000000086800000, 0x0000000086900000|  0%| F|  |TAMS 0x0000000086800000, 0x0000000086800000| Untracked 
|  55|0x0000000086900000, 0x0000000086900000, 0x0000000086a00000|  0%| F|  |TAMS 0x0000000086900000, 0x0000000086900000| Untracked 
|  56|0x0000000086a00000, 0x0000000086a00000, 0x0000000086b00000|  0%| F|  |TAMS 0x0000000086a00000, 0x0000000086a00000| Untracked 
|  57|0x0000000086b00000, 0x0000000086b00000, 0x0000000086c00000|  0%| F|  |TAMS 0x0000000086b00000, 0x0000000086b00000| Untracked 
|  58|0x0000000086c00000, 0x0000000086c00000, 0x0000000086d00000|  0%| F|  |TAMS 0x0000000086c00000, 0x0000000086c00000| Untracked 
|  59|0x0000000086d00000, 0x0000000086d00000, 0x0000000086e00000|  0%| F|  |TAMS 0x0000000086d00000, 0x0000000086d00000| Untracked 
|  60|0x0000000086e00000, 0x0000000086e00000, 0x0000000086f00000|  0%| F|  |TAMS 0x0000000086e00000, 0x0000000086e00000| Untracked 
|  61|0x0000000086f00000, 0x0000000086f00000, 0x0000000087000000|  0%| F|  |TAMS 0x0000000086f00000, 0x0000000086f00000| Untracked 
|  62|0x0000000087000000, 0x0000000087000000, 0x0000000087100000|  0%| F|  |TAMS 0x0000000087000000, 0x0000000087000000| Untracked 
|  63|0x0000000087100000, 0x0000000087100000, 0x0000000087200000|  0%| F|  |TAMS 0x0000000087100000, 0x0000000087100000| Untracked 
|  64|0x0000000087200000, 0x0000000087200000, 0x0000000087300000|  0%| F|  |TAMS 0x0000000087200000, 0x0000000087200000| Untracked 
|  65|0x0000000087300000, 0x0000000087300000, 0x0000000087400000|  0%| F|  |TAMS 0x0000000087300000, 0x0000000087300000| Untracked 
|  66|0x0000000087400000, 0x0000000087400000, 0x0000000087500000|  0%| F|  |TAMS 0x0000000087400000, 0x0000000087400000| Untracked 
|  67|0x0000000087500000, 0x0000000087500000, 0x0000000087600000|  0%| F|  |TAMS 0x0000000087500000, 0x0000000087500000| Untracked 
|  68|0x0000000087600000, 0x0000000087600000, 0x0000000087700000|  0%| F|  |TAMS 0x0000000087600000, 0x0000000087600000| Untracked 
|  69|0x0000000087700000, 0x0000000087700000, 0x0000000087800000|  0%| F|  |TAMS 0x0000000087700000, 0x0000000087700000| Untracked 
|  70|0x0000000087800000, 0x0000000087800000, 0x0000000087900000|  0%| F|  |TAMS 0x0000000087800000, 0x0000000087800000| Untracked 
|  71|0x0000000087900000, 0x0000000087900000, 0x0000000087a00000|  0%| F|  |TAMS 0x0000000087900000, 0x0000000087900000| Untracked 
|  72|0x0000000087a00000, 0x0000000087a00000, 0x0000000087b00000|  0%| F|  |TAMS 0x0000000087a00000, 0x0000000087a00000| Untracked 
|  73|0x0000000087b00000, 0x0000000087b00000, 0x0000000087c00000|  0%| F|  |TAMS 0x0000000087b00000, 0x0000000087b00000| Untracked 
|  74|0x0000000087c00000, 0x0000000087c00000, 0x0000000087d00000|  0%| F|  |TAMS 0x0000000087c00000, 0x0000000087c00000| Untracked 
|  75|0x0000000087d00000, 0x0000000087d00000, 0x0000000087e00000|  0%| F|  |TAMS 0x0000000087d00000, 0x0000000087d00000| Untracked 
|  76|0x0000000087e00000, 0x0000000087e00000, 0x0000000087f00000|  0%| F|  |TAMS 0x0000000087e00000, 0x0000000087e00000| Untracked 
|  77|0x0000000087f00000, 0x0000000087f00000, 0x0000000088000000|  0%| F|  |TAMS 0x0000000087f00000, 0x0000000087f00000| Untracked 
|  78|0x0000000088000000, 0x0000000088000000, 0x0000000088100000|  0%| F|  |TAMS 0x0000000088000000, 0x0000000088000000| Untracked 
|  79|0x0000000088100000, 0x0000000088100000, 0x0000000088200000|  0%| F|  |TAMS 0x0000000088100000, 0x0000000088100000| Untracked 
|  80|0x0000000088200000, 0x0000000088200000, 0x0000000088300000|  0%| F|  |TAMS 0x0000000088200000, 0x0000000088200000| Untracked 
|  81|0x0000000088300000, 0x0000000088300000, 0x0000000088400000|  0%| F|  |TAMS 0x0000000088300000, 0x0000000088300000| Untracked 
|  82|0x0000000088400000, 0x0000000088400000, 0x0000000088500000|  0%| F|  |TAMS 0x0000000088400000, 0x0000000088400000| Untracked 
|  83|0x0000000088500000, 0x0000000088500000, 0x0000000088600000|  0%| F|  |TAMS 0x0000000088500000, 0x0000000088500000| Untracked 
|  84|0x0000000088600000, 0x0000000088600000, 0x0000000088700000|  0%| F|  |TAMS 0x0000000088600000, 0x0000000088600000| Untracked 
|  85|0x0000000088700000, 0x0000000088700000, 0x0000000088800000|  0%| F|  |TAMS 0x0000000088700000, 0x0000000088700000| Untracked 
|  86|0x0000000088800000, 0x0000000088800000, 0x0000000088900000|  0%| F|  |TAMS 0x0000000088800000, 0x0000000088800000| Untracked 
|  87|0x0000000088900000, 0x0000000088900000, 0x0000000088a00000|  0%| F|  |TAMS 0x0000000088900000, 0x0000000088900000| Untracked 
|  88|0x0000000088a00000, 0x0000000088a00000, 0x0000000088b00000|  0%| F|  |TAMS 0x0000000088a00000, 0x0000000088a00000| Untracked 
|  89|0x0000000088b00000, 0x0000000088b00000, 0x0000000088c00000|  0%| F|  |TAMS 0x0000000088b00000, 0x0000000088b00000| Untracked 
|  90|0x0000000088c00000, 0x0000000088c00000, 0x0000000088d00000|  0%| F|  |TAMS 0x0000000088c00000, 0x0000000088c00000| Untracked 
|  91|0x0000000088d00000, 0x0000000088d00000, 0x0000000088e00000|  0%| F|  |TAMS 0x0000000088d00000, 0x0000000088d00000| Untracked 
|  92|0x0000000088e00000, 0x0000000088e00000, 0x0000000088f00000|  0%| F|  |TAMS 0x0000000088e00000, 0x0000000088e00000| Untracked 
|  93|0x0000000088f00000, 0x0000000088f00000, 0x0000000089000000|  0%| F|  |TAMS 0x0000000088f00000, 0x0000000088f00000| Untracked 
|  94|0x0000000089000000, 0x0000000089000000, 0x0000000089100000|  0%| F|  |TAMS 0x0000000089000000, 0x0000000089000000| Untracked 
|  95|0x0000000089100000, 0x0000000089100000, 0x0000000089200000|  0%| F|  |TAMS 0x0000000089100000, 0x0000000089100000| Untracked 
|  96|0x0000000089200000, 0x0000000089200000, 0x0000000089300000|  0%| F|  |TAMS 0x0000000089200000, 0x0000000089200000| Untracked 
|  97|0x0000000089300000, 0x0000000089300000, 0x0000000089400000|  0%| F|  |TAMS 0x0000000089300000, 0x0000000089300000| Untracked 
|  98|0x0000000089400000, 0x0000000089400000, 0x0000000089500000|  0%| F|  |TAMS 0x0000000089400000, 0x0000000089400000| Untracked 
|  99|0x0000000089500000, 0x0000000089500000, 0x0000000089600000|  0%| F|  |TAMS 0x0000000089500000, 0x0000000089500000| Untracked 
| 100|0x0000000089600000, 0x0000000089600000, 0x0000000089700000|  0%| F|  |TAMS 0x0000000089600000, 0x0000000089600000| Untracked 
| 101|0x0000000089700000, 0x0000000089700000, 0x0000000089800000|  0%| F|  |TAMS 0x0000000089700000, 0x0000000089700000| Untracked 
| 102|0x0000000089800000, 0x0000000089800000, 0x0000000089900000|  0%| F|  |TAMS 0x0000000089800000, 0x0000000089800000| Untracked 
| 103|0x0000000089900000, 0x0000000089900000, 0x0000000089a00000|  0%| F|  |TAMS 0x0000000089900000, 0x0000000089900000| Untracked 
| 104|0x0000000089a00000, 0x0000000089a00000, 0x0000000089b00000|  0%| F|  |TAMS 0x0000000089a00000, 0x0000000089a00000| Untracked 
| 105|0x0000000089b00000, 0x0000000089bf4640, 0x0000000089c00000| 95%| E|  |TAMS 0x0000000089b00000, 0x0000000089b00000| Complete 
| 106|0x0000000089c00000, 0x0000000089d00000, 0x0000000089d00000|100%| E|CS|TAMS 0x0000000089c00000, 0x0000000089c00000| Complete 
| 107|0x0000000089d00000, 0x0000000089e00000, 0x0000000089e00000|100%| E|CS|TAMS 0x0000000089d00000, 0x0000000089d00000| Complete 
| 108|0x0000000089e00000, 0x0000000089f00000, 0x0000000089f00000|100%| E|CS|TAMS 0x0000000089e00000, 0x0000000089e00000| Complete 
| 109|0x0000000089f00000, 0x000000008a000000, 0x000000008a000000|100%| E|CS|TAMS 0x0000000089f00000, 0x0000000089f00000| Complete 
| 110|0x000000008a000000, 0x000000008a100000, 0x000000008a100000|100%| E|CS|TAMS 0x000000008a000000, 0x000000008a000000| Complete 
| 111|0x000000008a100000, 0x000000008a200000, 0x000000008a200000|100%| E|CS|TAMS 0x000000008a100000, 0x000000008a100000| Complete 
| 112|0x000000008a200000, 0x000000008a300000, 0x000000008a300000|100%| E|CS|TAMS 0x000000008a200000, 0x000000008a200000| Complete 
| 113|0x000000008a300000, 0x000000008a400000, 0x000000008a400000|100%| E|CS|TAMS 0x000000008a300000, 0x000000008a300000| Complete 
| 114|0x000000008a400000, 0x000000008a500000, 0x000000008a500000|100%| E|CS|TAMS 0x000000008a400000, 0x000000008a400000| Complete 
| 115|0x000000008a500000, 0x000000008a600000, 0x000000008a600000|100%| E|CS|TAMS 0x000000008a500000, 0x000000008a500000| Complete 
| 116|0x000000008a600000, 0x000000008a700000, 0x000000008a700000|100%| E|CS|TAMS 0x000000008a600000, 0x000000008a600000| Complete 
| 117|0x000000008a700000, 0x000000008a800000, 0x000000008a800000|100%| E|CS|TAMS 0x000000008a700000, 0x000000008a700000| Complete 
| 118|0x000000008a800000, 0x000000008a900000, 0x000000008a900000|100%| E|CS|TAMS 0x000000008a800000, 0x000000008a800000| Complete 
| 119|0x000000008a900000, 0x000000008aa00000, 0x000000008aa00000|100%| E|  |TAMS 0x000000008a900000, 0x000000008a900000| Complete 
| 120|0x000000008aa00000, 0x000000008ab00000, 0x000000008ab00000|100%| E|CS|TAMS 0x000000008aa00000, 0x000000008aa00000| Complete 
| 121|0x000000008ab00000, 0x000000008ac00000, 0x000000008ac00000|100%| E|CS|TAMS 0x000000008ab00000, 0x000000008ab00000| Complete 
| 122|0x000000008ac00000, 0x000000008ad00000, 0x000000008ad00000|100%| E|CS|TAMS 0x000000008ac00000, 0x000000008ac00000| Complete 
| 123|0x000000008ad00000, 0x000000008ae00000, 0x000000008ae00000|100%| E|CS|TAMS 0x000000008ad00000, 0x000000008ad00000| Complete 
| 124|0x000000008ae00000, 0x000000008af00000, 0x000000008af00000|100%| E|CS|TAMS 0x000000008ae00000, 0x000000008ae00000| Complete 
| 125|0x000000008af00000, 0x000000008b000000, 0x000000008b000000|100%| E|CS|TAMS 0x000000008af00000, 0x000000008af00000| Complete 

Card table byte_map: [0x00000221b13d0000,0x00000221b17c0000] _byte_map_base: 0x00000221b0fb7000

Marking Bits (Prev, Next): (CMBitMap*) 0x000002219c6d9850, (CMBitMap*) 0x000002219c6d9890
 Prev Bits: [0x00000221b1bb0000, 0x00000221b3ae8000)
 Next Bits: [0x00000221b3af0000, 0x00000221b5a28000)

Polling page: 0x000002219c360000

Metaspace:

Usage:
  Non-class:     11.26 MB used.
      Class:      1.19 MB used.
       Both:     12.45 MB used.

Virtual space:
  Non-class space:       16.00 MB reserved,      11.31 MB ( 71%) committed,  2 nodes.
      Class space:        1.00 GB reserved,       1.25 MB ( <1%) committed,  1 nodes.
             Both:        1.02 GB reserved,      12.56 MB (  1%) committed. 

Chunk freelists:
   Non-Class:  3.98 MB
       Class:  2.73 MB
        Both:  6.72 MB

MaxMetaspaceSize: unlimited
CompressedClassSpaceSize: 1.00 GB
Initial GC threshold: 21.00 MB
Current GC threshold: 21.00 MB
CDS: off
MetaspaceReclaimPolicy: balanced
 - commit_granule_bytes: 65536.
 - commit_granule_words: 8192.
 - virtual_space_node_default_size: 1048576.
 - enlarge_chunks_in_place: 1.
 - new_chunks_are_fully_committed: 0.
 - uncommit_free_chunks: 1.
 - use_allocation_guard: 0.
 - handle_deallocations: 1.


Internal statistics:

num_allocs_failed_limit: 0.
num_arena_births: 6.
num_arena_deaths: 0.
num_vsnodes_births: 3.
num_vsnodes_deaths: 0.
num_space_committed: 201.
num_space_uncommitted: 0.
num_chunks_returned_to_freelist: 0.
num_chunks_taken_from_freelist: 190.
num_chunk_merges: 0.
num_chunk_splits: 168.
num_chunks_enlarged: 160.
num_purges: 0.
num_inconsistent_stats: 0.

CodeHeap 'non-profiled nmethods': size=120000Kb used=158Kb max_used=158Kb free=119841Kb
 bounds [0x00000221a8e30000, 0x00000221a90a0000, 0x00000221b0360000]
CodeHeap 'profiled nmethods': size=120000Kb used=1085Kb max_used=1085Kb free=118914Kb
 bounds [0x00000221a1360000, 0x00000221a15d0000, 0x00000221a8890000]
CodeHeap 'non-nmethods': size=5760Kb used=1139Kb max_used=1155Kb free=4620Kb
 bounds [0x00000221a8890000, 0x00000221a8b00000, 0x00000221a8e30000]
 total_blobs=1007 nmethods=582 adapters=338
 compilation: enabled
              stopped_count=0, restarted_count=0
 full_count=0

Compilation events (20 events):
Event: 0.455 Thread 0x00000221b90531a0  577       3       jdk.internal.misc.Unsafe::convEndian (16 bytes)
Event: 0.455 Thread 0x00000221b90531a0 nmethod 577 0x00000221a146dc10 code [0x00000221a146dda0, 0x00000221a146df58]
Event: 0.455 Thread 0x00000221b90531a0  578       3       java.lang.Short::reverseBytes (14 bytes)
Event: 0.455 Thread 0x00000221b90531a0 nmethod 578 0x00000221a146e010 code [0x00000221a146e1a0, 0x00000221a146e298]
Event: 0.455 Thread 0x00000221b90531a0  579       3       java.nio.HeapByteBuffer::ix (7 bytes)
Event: 0.455 Thread 0x00000221b90531a0 nmethod 579 0x00000221a146e310 code [0x00000221a146e4a0, 0x00000221a146e5b8]
Event: 0.455 Thread 0x00000221b90531a0  580       3       jdk.internal.misc.Unsafe::getShortUnaligned (12 bytes)
Event: 0.455 Thread 0x00000221b90531a0 nmethod 580 0x00000221a146e690 code [0x00000221a146e840, 0x00000221a146ea78]
Event: 0.455 Thread 0x00000221b90531a0  581       3       java.nio.HeapByteBuffer::get (14 bytes)
Event: 0.455 Thread 0x00000221b90531a0 nmethod 581 0x00000221a146eb90 code [0x00000221a146ed60, 0x00000221a146f048]
Event: 0.455 Thread 0x00000221b90531a0  582       3       java.nio.Buffer::nextGetIndex (30 bytes)
Event: 0.455 Thread 0x00000221b90531a0 nmethod 582 0x00000221a146f210 code [0x00000221a146f3c0, 0x00000221a146f588]
Event: 0.455 Thread 0x00000221b90531a0  565       1       java.lang.reflect.Method::getName (5 bytes)
Event: 0.455 Thread 0x00000221b90531a0 nmethod 565 0x00000221a8e56f10 code [0x00000221a8e570a0, 0x00000221a8e57178]
Event: 0.455 Thread 0x00000221b90531a0  575       1       jdk.internal.org.objectweb.asm.SymbolTable::getMajorVersion (5 bytes)
Event: 0.455 Thread 0x00000221b90531a0 nmethod 575 0x00000221a8e57210 code [0x00000221a8e573a0, 0x00000221a8e57478]
Event: 0.455 Thread 0x00000221b90531a0  568       1       java.lang.module.ModuleDescriptor::isOpen (5 bytes)
Event: 0.455 Thread 0x00000221b90531a0 nmethod 568 0x00000221a8e57510 code [0x00000221a8e576a0, 0x00000221a8e57778]
Event: 0.455 Thread 0x00000221b90531a0  570       1       java.lang.Module::getDescriptor (5 bytes)
Event: 0.455 Thread 0x00000221b90531a0 nmethod 570 0x00000221a8e57810 code [0x00000221a8e579a0, 0x00000221a8e57a78]

GC Heap History (0 events):
No events

Dll operation events (1 events):
Event: 0.003 Loaded shared library C:\Program Files\Android\Android Studio\jbr\bin\java.dll

Deoptimization events (20 events):
Event: 0.080 Thread 0x000002219c67e330 DEOPT PACKING pc=0x00000221a137490c sp=0x000000e59c5fd8c0
Event: 0.080 Thread 0x000002219c67e330 DEOPT UNPACKING pc=0x00000221a88e7143 sp=0x000000e59c5fcd50 mode 0
Event: 0.080 Thread 0x000002219c67e330 DEOPT PACKING pc=0x00000221a137490c sp=0x000000e59c5fd8c0
Event: 0.080 Thread 0x000002219c67e330 DEOPT UNPACKING pc=0x00000221a88e7143 sp=0x000000e59c5fcd50 mode 0
Event: 0.134 Thread 0x000002219c67e330 Uncommon trap: trap_request=0xffffff45 fr.pc=0x00000221a8e353bc relative=0x00000000000006dc
Event: 0.134 Thread 0x000002219c67e330 Uncommon trap: reason=unstable_if action=reinterpret pc=0x00000221a8e353bc method=java.util.zip.ZipFile$Source.checkAndAddEntry(II)I @ 50 c2
Event: 0.134 Thread 0x000002219c67e330 DEOPT PACKING pc=0x00000221a8e353bc sp=0x000000e59c5fe4a0
Event: 0.134 Thread 0x000002219c67e330 DEOPT UNPACKING pc=0x00000221a88e69a3 sp=0x000000e59c5fe418 mode 2
Event: 0.191 Thread 0x000002219c67e330 DEOPT PACKING pc=0x00000221a1372fe7 sp=0x000000e59c5fd7e0
Event: 0.191 Thread 0x000002219c67e330 DEOPT UNPACKING pc=0x00000221a88e7143 sp=0x000000e59c5fcc00 mode 0
Event: 0.203 Thread 0x000002219c67e330 DEOPT PACKING pc=0x00000221a1372351 sp=0x000000e59c5fab30
Event: 0.203 Thread 0x000002219c67e330 DEOPT UNPACKING pc=0x00000221a88e7143 sp=0x000000e59c5f9fa8 mode 0
Event: 0.387 Thread 0x000002219c67e330 DEOPT PACKING pc=0x00000221a13d6a47 sp=0x000000e59c5f79f0
Event: 0.387 Thread 0x000002219c67e330 DEOPT UNPACKING pc=0x00000221a88e7143 sp=0x000000e59c5f6e50 mode 0
Event: 0.423 Thread 0x000002219c67e330 DEOPT PACKING pc=0x00000221a1392056 sp=0x000000e59c5fb570
Event: 0.423 Thread 0x000002219c67e330 DEOPT UNPACKING pc=0x00000221a88e7143 sp=0x000000e59c5fa9f8 mode 0
Event: 0.432 Thread 0x000002219c67e330 DEOPT PACKING pc=0x00000221a13b0238 sp=0x000000e59c5fc8c0
Event: 0.432 Thread 0x000002219c67e330 DEOPT UNPACKING pc=0x00000221a88e7143 sp=0x000000e59c5fbdd8 mode 0
Event: 0.432 Thread 0x000002219c67e330 DEOPT PACKING pc=0x00000221a13acbe5 sp=0x000000e59c5fc560
Event: 0.432 Thread 0x000002219c67e330 DEOPT UNPACKING pc=0x00000221a88e7143 sp=0x000000e59c5fb9b0 mode 0

Classes unloaded (0 events):
No events

Classes redefined (0 events):
No events

Internal exceptions (0 events):
No events

VM Operations (6 events):
Event: 0.084 Executing VM operation: HandshakeAllThreads
Event: 0.084 Executing VM operation: HandshakeAllThreads done
Event: 0.211 Executing VM operation: HandshakeAllThreads
Event: 0.211 Executing VM operation: HandshakeAllThreads done
Event: 0.335 Executing VM operation: HandshakeAllThreads
Event: 0.335 Executing VM operation: HandshakeAllThreads done

Events (20 events):
Event: 0.450 loading class jdk/internal/org/objectweb/asm/Edge
Event: 0.450 loading class jdk/internal/org/objectweb/asm/Edge done
Event: 0.450 loading class java/lang/reflect/Proxy$ProxyBuilder$1
Event: 0.450 loading class java/lang/reflect/Proxy$ProxyBuilder$1 done
Event: 0.451 loading class java/lang/annotation/Target
Event: 0.451 loading class java/lang/annotation/Target done
Event: 0.452 loading class java/lang/NoSuchMethodError
Event: 0.452 loading class java/lang/NoSuchMethodError done
Event: 0.452 loading class java/lang/reflect/UndeclaredThrowableException
Event: 0.452 loading class java/lang/reflect/UndeclaredThrowableException done
Event: 0.453 loading class java/lang/Class$AnnotationData
Event: 0.453 loading class java/lang/Class$AnnotationData done
Event: 0.454 loading class java/lang/annotation/ElementType
Event: 0.454 loading class java/lang/annotation/ElementType done
Event: 0.454 loading class java/lang/Deprecated
Event: 0.454 loading class java/lang/Deprecated done
Event: 0.454 loading class java/lang/annotation/Documented
Event: 0.454 loading class java/lang/annotation/Documented done
Event: 0.455 loading class java/lang/SecurityException
Event: 0.455 loading class java/lang/SecurityException done


Dynamic libraries:
0x00007ff7c9120000 - 0x00007ff7c912a000 	C:\Program Files\Android\Android Studio\jbr\bin\java.exe
0x00007ffc0a250000 - 0x00007ffc0a43d000 	C:\Windows\SYSTEM32\ntdll.dll
0x00007ffc0a160000 - 0x00007ffc0a213000 	C:\Windows\System32\KERNEL32.DLL
0x00007ffc071a0000 - 0x00007ffc07433000 	C:\Windows\System32\KERNELBASE.dll
0x00007ffc063d0000 - 0x00007ffc064cc000 	C:\Windows\System32\ucrtbase.dll
0x00007ffc02b30000 - 0x00007ffc02b4b000 	C:\Program Files\Android\Android Studio\jbr\bin\VCRUNTIME140.dll
0x00007ffbfd040000 - 0x00007ffbfd057000 	C:\Program Files\Android\Android Studio\jbr\bin\jli.dll
0x00007ffc09c30000 - 0x00007ffc09dc7000 	C:\Windows\System32\USER32.dll
0x00007ffc07460000 - 0x00007ffc07480000 	C:\Windows\System32\win32u.dll
0x00007ffc092b0000 - 0x00007ffc092d9000 	C:\Windows\System32\GDI32.dll
0x00007ffc06730000 - 0x00007ffc068ca000 	C:\Windows\System32\gdi32full.dll
0x00007ffbeec50000 - 0x00007ffbeeec9000 	C:\Windows\WinSxS\amd64_microsoft.windows.common-controls_6595b64144ccf1df_6.0.17763.253_none_05b2388e0721fece\COMCTL32.dll
0x00007ffc07100000 - 0x00007ffc071a0000 	C:\Windows\System32\msvcp_win.dll
0x00007ffc078c0000 - 0x00007ffc0795e000 	C:\Windows\System32\msvcrt.dll
0x00007ffc09340000 - 0x00007ffc0966d000 	C:\Windows\System32\combase.dll
0x00007ffc0a030000 - 0x00007ffc0a152000 	C:\Windows\System32\RPCRT4.dll
0x00007ffc068d0000 - 0x00007ffc0694e000 	C:\Windows\System32\bcryptPrimitives.dll
0x00007ffc07760000 - 0x00007ffc0778e000 	C:\Windows\System32\IMM32.DLL
0x00007ffc02600000 - 0x00007ffc0260c000 	C:\Program Files\Android\Android Studio\jbr\bin\vcruntime140_1.dll
0x00007ffbe8380000 - 0x00007ffbe840d000 	C:\Program Files\Android\Android Studio\jbr\bin\msvcp140.dll
0x00007ffbc8950000 - 0x00007ffbc95be000 	C:\Program Files\Android\Android Studio\jbr\bin\server\jvm.dll
0x00007ffc09e50000 - 0x00007ffc09ef3000 	C:\Windows\System32\ADVAPI32.dll
0x00007ffc07480000 - 0x00007ffc0751e000 	C:\Windows\System32\sechost.dll
0x00007ffc015f0000 - 0x00007ffc015f9000 	C:\Windows\SYSTEM32\WSOCK32.dll
0x00007ffc04540000 - 0x00007ffc04564000 	C:\Windows\SYSTEM32\WINMM.dll
0x00007ffc01880000 - 0x00007ffc0188a000 	C:\Windows\SYSTEM32\VERSION.dll
0x00007ffc07970000 - 0x00007ffc079dd000 	C:\Windows\System32\WS2_32.dll
0x00007ffc044e0000 - 0x00007ffc0450d000 	C:\Windows\SYSTEM32\winmmbase.dll
0x00007ffc064d0000 - 0x00007ffc0651a000 	C:\Windows\System32\cfgmgr32.dll
0x00007ffc06270000 - 0x00007ffc06281000 	C:\Windows\System32\kernel.appcore.dll
0x00007ffbffd90000 - 0x00007ffbffd9a000 	C:\Program Files\Android\Android Studio\jbr\bin\jimage.dll
0x00007ffbf1ca0000 - 0x00007ffbf1e8d000 	C:\Windows\SYSTEM32\DBGHELP.DLL
0x00007ffbf1af0000 - 0x00007ffbf1b1a000 	C:\Windows\SYSTEM32\dbgcore.DLL
0x00007ffbfe0f0000 - 0x00007ffbfe115000 	C:\Program Files\Android\Android Studio\jbr\bin\java.dll
0x00007ffbfd8e0000 - 0x00007ffbfd8f8000 	C:\Program Files\Android\Android Studio\jbr\bin\zip.dll
0x00007ffc07ba0000 - 0x00007ffc0908f000 	C:\Windows\System32\SHELL32.dll
0x00007ffc09090000 - 0x00007ffc09138000 	C:\Windows\System32\shcore.dll
0x00007ffc069b0000 - 0x00007ffc070fa000 	C:\Windows\System32\windows.storage.dll
0x00007ffc062f0000 - 0x00007ffc06314000 	C:\Windows\System32\profapi.dll
0x00007ffc06290000 - 0x00007ffc062ed000 	C:\Windows\System32\powrprof.dll
0x00007ffc07790000 - 0x00007ffc077e2000 	C:\Windows\System32\shlwapi.dll
0x00007ffc07440000 - 0x00007ffc07457000 	C:\Windows\System32\cryptsp.dll
0x00007ffbfd220000 - 0x00007ffbfd239000 	C:\Program Files\Android\Android Studio\jbr\bin\net.dll
0x00007ffbffbc0000 - 0x00007ffbffcb1000 	C:\Windows\SYSTEM32\WINHTTP.dll
0x00007ffc05a80000 - 0x00007ffc05ae7000 	C:\Windows\system32\mswsock.dll
0x00007ffbfd140000 - 0x00007ffbfd156000 	C:\Program Files\Android\Android Studio\jbr\bin\nio.dll

dbghelp: loaded successfully - version: 4.0.5 - missing functions: none
symbol engine: initialized successfully - sym options: 0x614 - pdb path: .;C:\Program Files\Android\Android Studio\jbr\bin;C:\Windows\SYSTEM32;C:\Windows\WinSxS\amd64_microsoft.windows.common-controls_6595b64144ccf1df_6.0.17763.253_none_05b2388e0721fece;C:\Program Files\Android\Android Studio\jbr\bin\server

VM Arguments:
java_command: org.jetbrains.kotlin.cli.jvm.K2JVMCompiler @E:\Projects\BizApp\app\build\20230825_14509535963970681017.compiler.options
java_class_path (initial): C:\Users\Manager\.gradle\caches\modules-2\files-2.1\org.jetbrains.kotlin\kotlin-compiler-embeddable\1.8.10\b0757fd774344d54ce93f5ad6c30ba1c1731c8ff\kotlin-compiler-embeddable-1.8.10.jar;C:\Users\Manager\.gradle\caches\modules-2\files-2.1\org.jetbrains.kotlin\kotlin-stdlib\1.8.10\6d5560a229477df9406943d5feda5618e98eb64c\kotlin-stdlib-1.8.10.jar;C:\Users\Manager\.gradle\caches\modules-2\files-2.1\org.jetbrains.kotlin\kotlin-script-runtime\1.8.10\b13ea9c7e46d589139e56086a878763290e20bd5\kotlin-script-runtime-1.8.10.jar;C:\Users\Manager\.gradle\caches\modules-2\files-2.1\org.jetbrains.kotlin\kotlin-reflect\1.6.10\1cbe9c92c12a94eea200d23c2bbaedaf3daf5132\kotlin-reflect-1.6.10.jar;C:\Users\Manager\.gradle\caches\modules-2\files-2.1\org.jetbrains.kotlin\kotlin-daemon-embeddable\1.8.10\ad8541d9bc1cf9e52c3204161247910c2cf601d4\kotlin-daemon-embeddable-1.8.10.jar;C:\Users\Manager\.gradle\caches\modules-2\files-2.1\org.jetbrains.intellij.deps\trove4j\1.0.20200330\3afb14d5f9ceb459d724e907a21145e8ff394f02\trove4j-1.0.20200330.jar;C:\Users\Manager\.gradle\caches\modules-2\files-2.1\net.java.dev.jna\jna\5.6.0\330f2244e9030119ab3030fc3fededc86713d9cc\jna-5.6.0.jar;C:\Users\Manager\.gradle\caches\modules-2\files-2.1\org.jetbrains.kotlin\kotlin-stdlib-common\1.8.10\a61b182458550492c12aee66157d7b524a63a5ec\kotlin-stdlib-common-1.8.10.jar;C:\Users\Manager\.gradle\caches\modules-2\files-2.1\org.jetbrains\annotations\13.0\919f0dfe192fb4e063e7dacadee7f8bb9a2672a9\annotations-13.0.jar
Launcher Type: SUN_STANDARD

[Global flags]
     intx CICompilerCount                          = 4                                         {product} {ergonomic}
     uint ConcGCThreads                            = 3                                         {product} {ergonomic}
     uint G1ConcRefinementThreads                  = 10                                        {product} {ergonomic}
   size_t G1HeapRegionSize                         = 1048576                                   {product} {ergonomic}
    uintx GCDrainStackTargetSize                   = 64                                        {product} {ergonomic}
   size_t InitialHeapSize                          = 132120576                                 {product} {ergonomic}
   size_t MarkStackSize                            = 4194304                                   {product} {ergonomic}
   size_t MaxHeapSize                              = 2095054848                                {product} {ergonomic}
   size_t MaxNewSize                               = 1256194048                                {product} {ergonomic}
   size_t MinHeapDeltaBytes                        = 1048576                                   {product} {ergonomic}
   size_t MinHeapSize                              = 8388608                                   {product} {ergonomic}
    uintx NonNMethodCodeHeapSize                   = 5839372                                {pd product} {ergonomic}
    uintx NonProfiledCodeHeapSize                  = 122909434                              {pd product} {ergonomic}
    uintx ProfiledCodeHeapSize                     = 122909434                              {pd product} {ergonomic}
    uintx ReservedCodeCacheSize                    = 251658240                              {pd product} {ergonomic}
     bool SegmentedCodeCache                       = true                                      {product} {ergonomic}
   size_t SoftMaxHeapSize                          = 2095054848                             {manageable} {ergonomic}
     bool UseCompressedClassPointers               = true                           {product lp64_product} {ergonomic}
     bool UseCompressedOops                        = true                           {product lp64_product} {ergonomic}
     bool UseG1GC                                  = true                                      {product} {ergonomic}
     bool UseLargePagesIndividualAllocation        = false                                  {pd product} {ergonomic}

Logging:
Log output configuration:
 #0: stdout all=warning uptime,level,tags
 #1: stderr all=off uptime,level,tags

Environment Variables:
PATH=C:\Windows\system32;C:\Windows;C:\Windows\System32\Wbem;C:\Windows\System32\WindowsPowerShell\v1.0\;C:\Windows\System32\OpenSSH\;C:\Program Files\nodejs\;C:\Users\Manager\AppData\Local\Programs\Python\Python311\Scripts\;C:\Users\Manager\AppData\Local\Programs\Python\Python311\;C:\Users\Manager\AppData\Local\Microsoft\WindowsApps;C:\Users\Manager\AppData\Local\Programs\Microsoft VS Code\bin;C:\Users\Manager\AppData\Local\GitHubDesktop\bin;C:\Users\Manager\AppData\Roaming\npm
USERNAME=Manager
OS=Windows_NT
PROCESSOR_IDENTIFIER=Intel64 Family 6 Model 158 Stepping 10, GenuineIntel
TMP=C:\Users\Manager\AppData\Local\Temp
TEMP=C:\Users\Manager\AppData\Local\Temp


JNI global refs:
JNI global refs: 8, weak refs: 0

JNI global refs memory usage: 843, weak refs: 841


---------------  S Y S T E M  ---------------

OS:
 Windows 10 , 64 bit Build 17763 (10.0.17763.1)
OS uptime: 1 days 2:10 hours

CPU: total 12 (initial active 12) (6 cores per cpu, 2 threads per core) family 6 model 158 stepping 10 microcode 0xf0, cx8, cmov, fxsr, ht, mmx, 3dnowpref, sse, sse2, sse3, ssse3, sse4.1, sse4.2, popcnt, lzcnt, tsc, tscinvbit, avx, avx2, aes, erms, clmul, bmi1, bmi2, rtm, adx, fma, vzeroupper, clflush, clflushopt

Memory: 4k page, system-wide physical 7988M (4331M free)
TotalPageFile size 9882M (AvailPageFile size 4746M)
current process WorkingSet (physical memory assigned to process): 68M, peak: 68M
current process commit charge ("private bytes"): 218M, peak: 218M

vm_info: OpenJDK 64-Bit Server VM (17.0.6+0-b2043.56-10027231) for windows-amd64 JRE (17.0.6+0-b2043.56-10027231), built on Apr 28 2023 00:43:19 by "androidbuild" with MS VC++ 16.10 / 16.11 (VS2019)

END.
